{"/Users/susyqinqinyang/Desktop/Susy Study/hrnyc29/Bootcamp/week 8/tyche/styleMock.js": {"path":"/Users/susyqinqinyang/Desktop/Susy Study/hrnyc29/Bootcamp/week 8/tyche/styleMock.js","statementMap":{"0":{"start":{"line":1,"column":0},"end":{"line":1,"column":20}}},"fnMap":{},"branchMap":{},"s":{"0":1},"f":{},"b":{},"_coverageSchema":"1a1c01bbd47fc00a2c39e90264f33305004495a9","hash":"95eea3e1c603cd8010f66bf87ab6a1029eaad90e"}
,"/Users/susyqinqinyang/Desktop/Susy Study/hrnyc29/Bootcamp/week 8/tyche/client/actions/QnAActions/fetchQuestionsById.js": {"path":"/Users/susyqinqinyang/Desktop/Susy Study/hrnyc29/Bootcamp/week 8/tyche/client/actions/QnAActions/fetchQuestionsById.js","statementMap":{"0":{"start":{"line":3,"column":27},"end":{"line":22,"column":1}},"1":{"start":{"line":4,"column":2},"end":{"line":21,"column":4}},"2":{"start":{"line":5,"column":14},"end":{"line":5,"column":45}},"3":{"start":{"line":6,"column":4},"end":{"line":20,"column":9}},"4":{"start":{"line":13,"column":8},"end":{"line":16,"column":11}},"5":{"start":{"line":19,"column":8},"end":{"line":19,"column":57}}},"fnMap":{"0":{"name":"(anonymous_0)","decl":{"start":{"line":3,"column":27},"end":{"line":3,"column":28}},"loc":{"start":{"line":3,"column":35},"end":{"line":22,"column":1}},"line":3},"1":{"name":"(anonymous_1)","decl":{"start":{"line":4,"column":9},"end":{"line":4,"column":10}},"loc":{"start":{"line":4,"column":23},"end":{"line":21,"column":3}},"line":4},"2":{"name":"(anonymous_2)","decl":{"start":{"line":12,"column":12},"end":{"line":12,"column":13}},"loc":{"start":{"line":12,"column":25},"end":{"line":17,"column":7}},"line":12},"3":{"name":"(anonymous_3)","decl":{"start":{"line":18,"column":13},"end":{"line":18,"column":14}},"loc":{"start":{"line":18,"column":22},"end":{"line":20,"column":7}},"line":18}},"branchMap":{},"s":{"0":1,"1":0,"2":0,"3":0,"4":0,"5":0},"f":{"0":0,"1":0,"2":0,"3":0},"b":{},"_coverageSchema":"1a1c01bbd47fc00a2c39e90264f33305004495a9","hash":"389ff0baa7ad0cfc7dbcbd174ac21e6434f10b44"}
,"/Users/susyqinqinyang/Desktop/Susy Study/hrnyc29/Bootcamp/week 8/tyche/client/actions/RelatedItemsAndOutfitActions/addDeleteOutfit.js": {"path":"/Users/susyqinqinyang/Desktop/Susy Study/hrnyc29/Bootcamp/week 8/tyche/client/actions/RelatedItemsAndOutfitActions/addDeleteOutfit.js","statementMap":{"0":{"start":{"line":1,"column":24},"end":{"line":18,"column":1}},"1":{"start":{"line":2,"column":2},"end":{"line":9,"column":3}},"2":{"start":{"line":3,"column":4},"end":{"line":8,"column":6}},"3":{"start":{"line":4,"column":6},"end":{"line":7,"column":9}},"4":{"start":{"line":10,"column":2},"end":{"line":17,"column":3}},"5":{"start":{"line":11,"column":4},"end":{"line":16,"column":6}},"6":{"start":{"line":12,"column":6},"end":{"line":15,"column":9}}},"fnMap":{"0":{"name":"(anonymous_0)","decl":{"start":{"line":1,"column":24},"end":{"line":1,"column":25}},"loc":{"start":{"line":1,"column":49},"end":{"line":18,"column":1}},"line":1},"1":{"name":"(anonymous_1)","decl":{"start":{"line":3,"column":11},"end":{"line":3,"column":12}},"loc":{"start":{"line":3,"column":25},"end":{"line":8,"column":5}},"line":3},"2":{"name":"(anonymous_2)","decl":{"start":{"line":11,"column":11},"end":{"line":11,"column":12}},"loc":{"start":{"line":11,"column":25},"end":{"line":16,"column":5}},"line":11}},"branchMap":{"0":{"loc":{"start":{"line":2,"column":2},"end":{"line":9,"column":3}},"type":"if","locations":[{"start":{"line":2,"column":2},"end":{"line":9,"column":3}},{"start":{"line":2,"column":2},"end":{"line":9,"column":3}}],"line":2},"1":{"loc":{"start":{"line":10,"column":2},"end":{"line":17,"column":3}},"type":"if","locations":[{"start":{"line":10,"column":2},"end":{"line":17,"column":3}},{"start":{"line":10,"column":2},"end":{"line":17,"column":3}}],"line":10}},"s":{"0":2,"1":0,"2":0,"3":0,"4":0,"5":0,"6":0},"f":{"0":0,"1":0,"2":0},"b":{"0":[0,0],"1":[0,0]},"_coverageSchema":"1a1c01bbd47fc00a2c39e90264f33305004495a9","hash":"40e6fc1ca2aac9ac3bc4de36fe1c265e6c4fbd4a"}
,"/Users/susyqinqinyang/Desktop/Susy Study/hrnyc29/Bootcamp/week 8/tyche/client/actions/ReviewComponentActions/ActionHelpers/averageReviewHelper.js": {"path":"/Users/susyqinqinyang/Desktop/Susy Study/hrnyc29/Bootcamp/week 8/tyche/client/actions/ReviewComponentActions/ActionHelpers/averageReviewHelper.js","statementMap":{"0":{"start":{"line":1,"column":25},"end":{"line":13,"column":1}},"1":{"start":{"line":2,"column":19},"end":{"line":2,"column":20}},"2":{"start":{"line":3,"column":21},"end":{"line":3,"column":22}},"3":{"start":{"line":4,"column":2},"end":{"line":6,"column":3}},"4":{"start":{"line":5,"column":4},"end":{"line":5,"column":17}},"5":{"start":{"line":7,"column":2},"end":{"line":10,"column":3}},"6":{"start":{"line":8,"column":4},"end":{"line":8,"column":31}},"7":{"start":{"line":9,"column":4},"end":{"line":9,"column":35}},"8":{"start":{"line":11,"column":23},"end":{"line":11,"column":61}},"9":{"start":{"line":12,"column":2},"end":{"line":12,"column":22}}},"fnMap":{"0":{"name":"(anonymous_0)","decl":{"start":{"line":1,"column":25},"end":{"line":1,"column":26}},"loc":{"start":{"line":1,"column":42},"end":{"line":13,"column":1}},"line":1}},"branchMap":{"0":{"loc":{"start":{"line":4,"column":2},"end":{"line":6,"column":3}},"type":"if","locations":[{"start":{"line":4,"column":2},"end":{"line":6,"column":3}},{"start":{"line":4,"column":2},"end":{"line":6,"column":3}}],"line":4}},"s":{"0":1,"1":0,"2":0,"3":0,"4":0,"5":0,"6":0,"7":0,"8":0,"9":0},"f":{"0":0},"b":{"0":[0,0]},"_coverageSchema":"1a1c01bbd47fc00a2c39e90264f33305004495a9","hash":"8944b56f0e1afa58bb054d745683e6ee2dc26baf"}
,"/Users/susyqinqinyang/Desktop/Susy Study/hrnyc29/Bootcamp/week 8/tyche/client/components/Overview/Arrows.jsx": {"path":"/Users/susyqinqinyang/Desktop/Susy Study/hrnyc29/Bootcamp/week 8/tyche/client/components/Overview/Arrows.jsx","statementMap":{"0":{"start":{"line":6,"column":14},"end":{"line":39,"column":1}},"1":{"start":{"line":7,"column":2},"end":{"line":38,"column":8}}},"fnMap":{"0":{"name":"(anonymous_0)","decl":{"start":{"line":6,"column":14},"end":{"line":6,"column":15}},"loc":{"start":{"line":7,"column":2},"end":{"line":38,"column":8}},"line":7}},"branchMap":{"0":{"loc":{"start":{"line":13,"column":8},"end":{"line":13,"column":60}},"type":"cond-expr","locations":[{"start":{"line":13,"column":32},"end":{"line":13,"column":45}},{"start":{"line":13,"column":48},"end":{"line":13,"column":60}}],"line":13},"1":{"loc":{"start":{"line":26,"column":32},"end":{"line":26,"column":65}},"type":"cond-expr","locations":[{"start":{"line":26,"column":55},"end":{"line":26,"column":59}},{"start":{"line":26,"column":62},"end":{"line":26,"column":65}}],"line":26},"2":{"loc":{"start":{"line":33,"column":5},"end":{"line":37,"column":5}},"type":"cond-expr","locations":[{"start":{"line":34,"column":6},"end":{"line":34,"column":55}},{"start":{"line":36,"column":6},"end":{"line":36,"column":54}}],"line":33}},"s":{"0":1,"1":1},"f":{"0":1},"b":{"0":[0,1],"1":[0,1],"2":[0,1]},"_coverageSchema":"1a1c01bbd47fc00a2c39e90264f33305004495a9","hash":"92029c4afa41157d875a7f1e345df235018f3912"}
,"/Users/susyqinqinyang/Desktop/Susy Study/hrnyc29/Bootcamp/week 8/tyche/client/components/Overview/Buttons.jsx": {"path":"/Users/susyqinqinyang/Desktop/Susy Study/hrnyc29/Bootcamp/week 8/tyche/client/components/Overview/Buttons.jsx","statementMap":{"0":{"start":{"line":6,"column":16},"end":{"line":41,"column":1}},"1":{"start":{"line":7,"column":20},"end":{"line":21,"column":3}},"2":{"start":{"line":8,"column":4},"end":{"line":10,"column":5}},"3":{"start":{"line":9,"column":6},"end":{"line":9,"column":37}},"4":{"start":{"line":11,"column":14},"end":{"line":11,"column":42}},"5":{"start":{"line":12,"column":21},"end":{"line":12,"column":22}},"6":{"start":{"line":13,"column":20},"end":{"line":16,"column":5}},"7":{"start":{"line":18,"column":4},"end":{"line":20,"column":7}},"8":{"start":{"line":19,"column":6},"end":{"line":19,"column":51}},"9":{"start":{"line":23,"column":2},"end":{"line":40,"column":4}},"10":{"start":{"line":26,"column":59},"end":{"line":26,"column":70}},"11":{"start":{"line":35,"column":12},"end":{"line":35,"column":69}}},"fnMap":{"0":{"name":"(anonymous_0)","decl":{"start":{"line":6,"column":16},"end":{"line":6,"column":17}},"loc":{"start":{"line":6,"column":27},"end":{"line":41,"column":1}},"line":6},"1":{"name":"(anonymous_1)","decl":{"start":{"line":7,"column":20},"end":{"line":7,"column":21}},"loc":{"start":{"line":7,"column":26},"end":{"line":21,"column":3}},"line":7},"2":{"name":"(anonymous_2)","decl":{"start":{"line":18,"column":43},"end":{"line":18,"column":44}},"loc":{"start":{"line":18,"column":56},"end":{"line":20,"column":5}},"line":18},"3":{"name":"(anonymous_3)","decl":{"start":{"line":26,"column":53},"end":{"line":26,"column":54}},"loc":{"start":{"line":26,"column":59},"end":{"line":26,"column":70}},"line":26},"4":{"name":"(anonymous_4)","decl":{"start":{"line":34,"column":19},"end":{"line":34,"column":20}},"loc":{"start":{"line":34,"column":25},"end":{"line":36,"column":11}},"line":34}},"branchMap":{"0":{"loc":{"start":{"line":8,"column":4},"end":{"line":10,"column":5}},"type":"if","locations":[{"start":{"line":8,"column":4},"end":{"line":10,"column":5}},{"start":{"line":8,"column":4},"end":{"line":10,"column":5}}],"line":8}},"s":{"0":1,"1":1,"2":0,"3":0,"4":0,"5":0,"6":0,"7":0,"8":0,"9":1,"10":0,"11":0},"f":{"0":1,"1":0,"2":0,"3":0,"4":0},"b":{"0":[0,0]},"_coverageSchema":"1a1c01bbd47fc00a2c39e90264f33305004495a9","hash":"2539595c1afceb762210316a7fb2b850d77a6b31"}
,"/Users/susyqinqinyang/Desktop/Susy Study/hrnyc29/Bootcamp/week 8/tyche/client/components/Overview/Carousel.jsx": {"path":"/Users/susyqinqinyang/Desktop/Susy Study/hrnyc29/Bootcamp/week 8/tyche/client/components/Overview/Carousel.jsx","statementMap":{"0":{"start":{"line":8,"column":17},"end":{"line":124,"column":1}},"1":{"start":{"line":9,"column":28},"end":{"line":15,"column":4}},"2":{"start":{"line":17,"column":61},"end":{"line":17,"column":66}},"3":{"start":{"line":19,"column":20},"end":{"line":33,"column":3}},"4":{"start":{"line":20,"column":4},"end":{"line":26,"column":5}},"5":{"start":{"line":21,"column":6},"end":{"line":25,"column":9}},"6":{"start":{"line":28,"column":4},"end":{"line":32,"column":7}},"7":{"start":{"line":35,"column":20},"end":{"line":49,"column":3}},"8":{"start":{"line":36,"column":4},"end":{"line":42,"column":5}},"9":{"start":{"line":37,"column":6},"end":{"line":41,"column":9}},"10":{"start":{"line":44,"column":4},"end":{"line":48,"column":7}},"11":{"start":{"line":51,"column":30},"end":{"line":57,"column":3}},"12":{"start":{"line":52,"column":4},"end":{"line":56,"column":7}},"13":{"start":{"line":59,"column":23},"end":{"line":73,"column":3}},"14":{"start":{"line":62,"column":4},"end":{"line":66,"column":7}},"15":{"start":{"line":63,"column":6},"end":{"line":65,"column":7}},"16":{"start":{"line":64,"column":8},"end":{"line":64,"column":41}},"17":{"start":{"line":67,"column":18},"end":{"line":67,"column":28}},"18":{"start":{"line":68,"column":4},"end":{"line":72,"column":7}},"19":{"start":{"line":75,"column":2},"end":{"line":123,"column":4}},"20":{"start":{"line":100,"column":25},"end":{"line":100,"column":44}},"21":{"start":{"line":104,"column":16},"end":{"line":104,"column":67}}},"fnMap":{"0":{"name":"(anonymous_0)","decl":{"start":{"line":8,"column":17},"end":{"line":8,"column":18}},"loc":{"start":{"line":8,"column":37},"end":{"line":124,"column":1}},"line":8},"1":{"name":"(anonymous_1)","decl":{"start":{"line":19,"column":20},"end":{"line":19,"column":21}},"loc":{"start":{"line":19,"column":26},"end":{"line":33,"column":3}},"line":19},"2":{"name":"(anonymous_2)","decl":{"start":{"line":35,"column":20},"end":{"line":35,"column":21}},"loc":{"start":{"line":35,"column":26},"end":{"line":49,"column":3}},"line":35},"3":{"name":"(anonymous_3)","decl":{"start":{"line":51,"column":30},"end":{"line":51,"column":31}},"loc":{"start":{"line":51,"column":37},"end":{"line":57,"column":3}},"line":51},"4":{"name":"(anonymous_4)","decl":{"start":{"line":59,"column":23},"end":{"line":59,"column":24}},"loc":{"start":{"line":59,"column":34},"end":{"line":73,"column":3}},"line":59},"5":{"name":"(anonymous_5)","decl":{"start":{"line":62,"column":32},"end":{"line":62,"column":33}},"loc":{"start":{"line":62,"column":46},"end":{"line":66,"column":5}},"line":62},"6":{"name":"(anonymous_6)","decl":{"start":{"line":100,"column":19},"end":{"line":100,"column":20}},"loc":{"start":{"line":100,"column":25},"end":{"line":100,"column":44}},"line":100},"7":{"name":"(anonymous_7)","decl":{"start":{"line":103,"column":38},"end":{"line":103,"column":39}},"loc":{"start":{"line":104,"column":16},"end":{"line":104,"column":67}},"line":104}},"branchMap":{"0":{"loc":{"start":{"line":20,"column":4},"end":{"line":26,"column":5}},"type":"if","locations":[{"start":{"line":20,"column":4},"end":{"line":26,"column":5}},{"start":{"line":20,"column":4},"end":{"line":26,"column":5}}],"line":20},"1":{"loc":{"start":{"line":36,"column":4},"end":{"line":42,"column":5}},"type":"if","locations":[{"start":{"line":36,"column":4},"end":{"line":42,"column":5}},{"start":{"line":36,"column":4},"end":{"line":42,"column":5}}],"line":36},"2":{"loc":{"start":{"line":63,"column":6},"end":{"line":65,"column":7}},"type":"if","locations":[{"start":{"line":63,"column":6},"end":{"line":65,"column":7}},{"start":{"line":63,"column":6},"end":{"line":65,"column":7}}],"line":63},"3":{"loc":{"start":{"line":92,"column":7},"end":{"line":110,"column":7}},"type":"cond-expr","locations":[{"start":{"line":93,"column":8},"end":{"line":107,"column":26}},{"start":{"line":109,"column":8},"end":{"line":109,"column":10}}],"line":92},"4":{"loc":{"start":{"line":102,"column":11},"end":{"line":106,"column":16}},"type":"cond-expr","locations":[{"start":{"line":103,"column":14},"end":{"line":105,"column":16}},{"start":{"line":106,"column":14},"end":{"line":106,"column":16}}],"line":102},"5":{"loc":{"start":{"line":113,"column":7},"end":{"line":121,"column":7}},"type":"cond-expr","locations":[{"start":{"line":114,"column":8},"end":{"line":118,"column":10}},{"start":{"line":120,"column":8},"end":{"line":120,"column":10}}],"line":113}},"s":{"0":1,"1":0,"2":0,"3":0,"4":0,"5":0,"6":0,"7":0,"8":0,"9":0,"10":0,"11":0,"12":0,"13":0,"14":0,"15":0,"16":0,"17":0,"18":0,"19":0,"20":0,"21":0},"f":{"0":0,"1":0,"2":0,"3":0,"4":0,"5":0,"6":0,"7":0},"b":{"0":[0,0],"1":[0,0],"2":[0,0],"3":[0,0],"4":[0,0],"5":[0,0]},"_coverageSchema":"1a1c01bbd47fc00a2c39e90264f33305004495a9","hash":"0a502cd7fd7dc673d8fb525e6198765151fa9299"}
,"/Users/susyqinqinyang/Desktop/Susy Study/hrnyc29/Bootcamp/week 8/tyche/client/components/Overview/CarouselContent.jsx": {"path":"/Users/susyqinqinyang/Desktop/Susy Study/hrnyc29/Bootcamp/week 8/tyche/client/components/Overview/CarouselContent.jsx","statementMap":{"0":{"start":{"line":4,"column":24},"end":{"line":11,"column":1}},"1":{"start":{"line":5,"column":38},"end":{"line":5,"column":53}},"2":{"start":{"line":6,"column":46},"end":{"line":6,"column":62}},"3":{"start":{"line":8,"column":22},"end":{"line":8,"column":33}}},"fnMap":{"0":{"name":"(anonymous_0)","decl":{"start":{"line":5,"column":27},"end":{"line":5,"column":28}},"loc":{"start":{"line":5,"column":38},"end":{"line":5,"column":53}},"line":5},"1":{"name":"(anonymous_1)","decl":{"start":{"line":6,"column":35},"end":{"line":6,"column":36}},"loc":{"start":{"line":6,"column":46},"end":{"line":6,"column":62}},"line":6},"2":{"name":"(anonymous_2)","decl":{"start":{"line":8,"column":11},"end":{"line":8,"column":12}},"loc":{"start":{"line":8,"column":22},"end":{"line":8,"column":33}},"line":8}},"branchMap":{},"s":{"0":1,"1":0,"2":0,"3":0},"f":{"0":0,"1":0,"2":0},"b":{},"_coverageSchema":"1a1c01bbd47fc00a2c39e90264f33305004495a9","hash":"18419033f964733c858d8708e06f85c5f362c396"}
,"/Users/susyqinqinyang/Desktop/Susy Study/hrnyc29/Bootcamp/week 8/tyche/client/components/Overview/Display.jsx": {"path":"/Users/susyqinqinyang/Desktop/Susy Study/hrnyc29/Bootcamp/week 8/tyche/client/components/Overview/Display.jsx","statementMap":{"0":{"start":{"line":3,"column":16},"end":{"line":23,"column":1}},"1":{"start":{"line":4,"column":2},"end":{"line":22,"column":4}}},"fnMap":{"0":{"name":"(anonymous_0)","decl":{"start":{"line":3,"column":16},"end":{"line":3,"column":17}},"loc":{"start":{"line":3,"column":49},"end":{"line":23,"column":1}},"line":3}},"branchMap":{"0":{"loc":{"start":{"line":6,"column":7},"end":{"line":18,"column":7}},"type":"cond-expr","locations":[{"start":{"line":7,"column":8},"end":{"line":15,"column":14}},{"start":{"line":17,"column":8},"end":{"line":17,"column":10}}],"line":6},"1":{"loc":{"start":{"line":11,"column":13},"end":{"line":13,"column":49}},"type":"cond-expr","locations":[{"start":{"line":12,"column":16},"end":{"line":12,"column":56}},{"start":{"line":13,"column":16},"end":{"line":13,"column":49}}],"line":11}},"s":{"0":1,"1":1},"f":{"0":1},"b":{"0":[0,1],"1":[0,0]},"_coverageSchema":"1a1c01bbd47fc00a2c39e90264f33305004495a9","hash":"461f9b66b4b6745db964ffd968411e64bb08dc7b"}
,"/Users/susyqinqinyang/Desktop/Susy Study/hrnyc29/Bootcamp/week 8/tyche/client/components/Overview/DropDownMenus.jsx": {"path":"/Users/susyqinqinyang/Desktop/Susy Study/hrnyc29/Bootcamp/week 8/tyche/client/components/Overview/DropDownMenus.jsx","statementMap":{"0":{"start":{"line":7,"column":22},"end":{"line":62,"column":1}},"1":{"start":{"line":8,"column":33},"end":{"line":8,"column":45}},"2":{"start":{"line":11,"column":4},"end":{"line":11,"column":19}},"3":{"start":{"line":15,"column":4},"end":{"line":31,"column":10}},"4":{"start":{"line":20,"column":16},"end":{"line":24,"column":18}},"5":{"start":{"line":34,"column":2},"end":{"line":61,"column":4}}},"fnMap":{"0":{"name":"(anonymous_0)","decl":{"start":{"line":7,"column":22},"end":{"line":7,"column":23}},"loc":{"start":{"line":7,"column":42},"end":{"line":62,"column":1}},"line":7},"1":{"name":"handleMenu1Click","decl":{"start":{"line":10,"column":11},"end":{"line":10,"column":27}},"loc":{"start":{"line":10,"column":31},"end":{"line":12,"column":3}},"line":10},"2":{"name":"(anonymous_2)","decl":{"start":{"line":19,"column":49},"end":{"line":19,"column":50}},"loc":{"start":{"line":19,"column":59},"end":{"line":25,"column":15}},"line":19}},"branchMap":{"0":{"loc":{"start":{"line":16,"column":7},"end":{"line":30,"column":7}},"type":"cond-expr","locations":[{"start":{"line":17,"column":8},"end":{"line":27,"column":15}},{"start":{"line":29,"column":8},"end":{"line":29,"column":23}}],"line":16},"1":{"loc":{"start":{"line":18,"column":11},"end":{"line":26,"column":16}},"type":"cond-expr","locations":[{"start":{"line":19,"column":14},"end":{"line":25,"column":16}},{"start":{"line":26,"column":14},"end":{"line":26,"column":16}}],"line":18},"2":{"loc":{"start":{"line":41,"column":17},"end":{"line":41,"column":68}},"type":"cond-expr","locations":[{"start":{"line":41,"column":38},"end":{"line":41,"column":49}},{"start":{"line":41,"column":52},"end":{"line":41,"column":68}}],"line":41}},"s":{"0":1,"1":1,"2":0,"3":1,"4":0,"5":1},"f":{"0":1,"1":0,"2":0},"b":{"0":[0,1],"1":[0,0],"2":[0,1]},"_coverageSchema":"1a1c01bbd47fc00a2c39e90264f33305004495a9","hash":"09f326ac295903f336100188f50f9fa29a3a0822"}
,"/Users/susyqinqinyang/Desktop/Susy Study/hrnyc29/Bootcamp/week 8/tyche/client/components/Overview/NavBar.jsx": {"path":"/Users/susyqinqinyang/Desktop/Susy Study/hrnyc29/Bootcamp/week 8/tyche/client/components/Overview/NavBar.jsx","statementMap":{"0":{"start":{"line":3,"column":15},"end":{"line":22,"column":1}},"1":{"start":{"line":4,"column":2},"end":{"line":21,"column":4}}},"fnMap":{"0":{"name":"(anonymous_0)","decl":{"start":{"line":3,"column":15},"end":{"line":3,"column":16}},"loc":{"start":{"line":3,"column":21},"end":{"line":22,"column":1}},"line":3}},"branchMap":{},"s":{"0":1,"1":0},"f":{"0":0},"b":{},"_coverageSchema":"1a1c01bbd47fc00a2c39e90264f33305004495a9","hash":"f93db56a6ff35e9539428c557c59b728aa122ce9"}
,"/Users/susyqinqinyang/Desktop/Susy Study/hrnyc29/Bootcamp/week 8/tyche/client/components/Overview/Overview.jsx": {"path":"/Users/susyqinqinyang/Desktop/Susy Study/hrnyc29/Bootcamp/week 8/tyche/client/components/Overview/Overview.jsx","statementMap":{"0":{"start":{"line":11,"column":17},"end":{"line":102,"column":1}},"1":{"start":{"line":12,"column":30},"end":{"line":12,"column":42}},"2":{"start":{"line":13,"column":42},"end":{"line":13,"column":54}},"3":{"start":{"line":14,"column":48},"end":{"line":14,"column":60}},"4":{"start":{"line":17,"column":13},"end":{"line":17,"column":27}},"5":{"start":{"line":18,"column":14},"end":{"line":18,"column":58}},"6":{"start":{"line":19,"column":4},"end":{"line":28,"column":9}},"7":{"start":{"line":22,"column":8},"end":{"line":22,"column":39}},"8":{"start":{"line":23,"column":8},"end":{"line":23,"column":48}},"9":{"start":{"line":24,"column":8},"end":{"line":24,"column":62}},"10":{"start":{"line":27,"column":8},"end":{"line":27,"column":49}},"11":{"start":{"line":31,"column":2},"end":{"line":35,"column":20}},"12":{"start":{"line":32,"column":4},"end":{"line":34,"column":5}},"13":{"start":{"line":33,"column":6},"end":{"line":33,"column":18}},"14":{"start":{"line":37,"column":23},"end":{"line":40,"column":3}},"15":{"start":{"line":38,"column":4},"end":{"line":38,"column":27}},"16":{"start":{"line":39,"column":4},"end":{"line":39,"column":41}},"17":{"start":{"line":42,"column":2},"end":{"line":101,"column":4}},"18":{"start":{"line":65,"column":30},"end":{"line":65,"column":59}},"19":{"start":{"line":66,"column":16},"end":{"line":84,"column":17}},"20":{"start":{"line":67,"column":18},"end":{"line":74,"column":20}},"21":{"start":{"line":72,"column":37},"end":{"line":72,"column":56}},"22":{"start":{"line":76,"column":18},"end":{"line":83,"column":20}},"23":{"start":{"line":81,"column":37},"end":{"line":81,"column":56}}},"fnMap":{"0":{"name":"(anonymous_0)","decl":{"start":{"line":11,"column":17},"end":{"line":11,"column":18}},"loc":{"start":{"line":11,"column":36},"end":{"line":102,"column":1}},"line":11},"1":{"name":"getStyles","decl":{"start":{"line":16,"column":11},"end":{"line":16,"column":20}},"loc":{"start":{"line":16,"column":23},"end":{"line":29,"column":3}},"line":16},"2":{"name":"(anonymous_2)","decl":{"start":{"line":21,"column":12},"end":{"line":21,"column":13}},"loc":{"start":{"line":21,"column":24},"end":{"line":25,"column":7}},"line":21},"3":{"name":"(anonymous_3)","decl":{"start":{"line":26,"column":13},"end":{"line":26,"column":14}},"loc":{"start":{"line":26,"column":22},"end":{"line":28,"column":7}},"line":26},"4":{"name":"(anonymous_4)","decl":{"start":{"line":31,"column":12},"end":{"line":31,"column":13}},"loc":{"start":{"line":31,"column":18},"end":{"line":35,"column":3}},"line":31},"5":{"name":"(anonymous_5)","decl":{"start":{"line":37,"column":23},"end":{"line":37,"column":24}},"loc":{"start":{"line":37,"column":34},"end":{"line":40,"column":3}},"line":37},"6":{"name":"(anonymous_6)","decl":{"start":{"line":64,"column":26},"end":{"line":64,"column":27}},"loc":{"start":{"line":64,"column":37},"end":{"line":85,"column":15}},"line":64},"7":{"name":"(anonymous_7)","decl":{"start":{"line":72,"column":31},"end":{"line":72,"column":32}},"loc":{"start":{"line":72,"column":37},"end":{"line":72,"column":56}},"line":72},"8":{"name":"(anonymous_8)","decl":{"start":{"line":81,"column":31},"end":{"line":81,"column":32}},"loc":{"start":{"line":81,"column":37},"end":{"line":81,"column":56}},"line":81}},"branchMap":{"0":{"loc":{"start":{"line":32,"column":4},"end":{"line":34,"column":5}},"type":"if","locations":[{"start":{"line":32,"column":4},"end":{"line":34,"column":5}},{"start":{"line":32,"column":4},"end":{"line":34,"column":5}}],"line":32},"1":{"loc":{"start":{"line":59,"column":15},"end":{"line":59,"column":74}},"type":"cond-expr","locations":[{"start":{"line":59,"column":52},"end":{"line":59,"column":69}},{"start":{"line":59,"column":72},"end":{"line":59,"column":74}}],"line":59},"2":{"loc":{"start":{"line":66,"column":16},"end":{"line":84,"column":17}},"type":"if","locations":[{"start":{"line":66,"column":16},"end":{"line":84,"column":17}},{"start":{"line":66,"column":16},"end":{"line":84,"column":17}}],"line":66}},"s":{"0":1,"1":0,"2":0,"3":0,"4":0,"5":0,"6":0,"7":0,"8":0,"9":0,"10":0,"11":0,"12":0,"13":0,"14":0,"15":0,"16":0,"17":0,"18":0,"19":0,"20":0,"21":0,"22":0,"23":0},"f":{"0":0,"1":0,"2":0,"3":0,"4":0,"5":0,"6":0,"7":0,"8":0},"b":{"0":[0,0],"1":[0,0],"2":[0,0]},"_coverageSchema":"1a1c01bbd47fc00a2c39e90264f33305004495a9","hash":"e81831201b7ae733106ce972bb4d03670e1771f3"}
,"/Users/susyqinqinyang/Desktop/Susy Study/hrnyc29/Bootcamp/week 8/tyche/client/components/Overview/ProductDescription.jsx": {"path":"/Users/susyqinqinyang/Desktop/Susy Study/hrnyc29/Bootcamp/week 8/tyche/client/components/Overview/ProductDescription.jsx","statementMap":{"0":{"start":{"line":10,"column":27},"end":{"line":56,"column":1}},"1":{"start":{"line":11,"column":2},"end":{"line":11,"column":37}},"2":{"start":{"line":12,"column":2},"end":{"line":55,"column":4}},"3":{"start":{"line":32,"column":16},"end":{"line":38,"column":18}}},"fnMap":{"0":{"name":"(anonymous_0)","decl":{"start":{"line":10,"column":27},"end":{"line":10,"column":28}},"loc":{"start":{"line":10,"column":62},"end":{"line":56,"column":1}},"line":10},"1":{"name":"(anonymous_1)","decl":{"start":{"line":11,"column":12},"end":{"line":11,"column":13}},"loc":{"start":{"line":11,"column":18},"end":{"line":11,"column":20}},"line":11},"2":{"name":"(anonymous_2)","decl":{"start":{"line":31,"column":39},"end":{"line":31,"column":40}},"loc":{"start":{"line":31,"column":52},"end":{"line":39,"column":15}},"line":31}},"branchMap":{"0":{"loc":{"start":{"line":30,"column":11},"end":{"line":40,"column":16}},"type":"cond-expr","locations":[{"start":{"line":31,"column":14},"end":{"line":39,"column":16}},{"start":{"line":40,"column":14},"end":{"line":40,"column":16}}],"line":30},"1":{"loc":{"start":{"line":35,"column":21},"end":{"line":35,"column":66}},"type":"cond-expr","locations":[{"start":{"line":35,"column":48},"end":{"line":35,"column":50}},{"start":{"line":35,"column":53},"end":{"line":35,"column":66}}],"line":35}},"s":{"0":1,"1":0,"2":0,"3":0},"f":{"0":0,"1":0,"2":0},"b":{"0":[0,0],"1":[0,0]},"_coverageSchema":"1a1c01bbd47fc00a2c39e90264f33305004495a9","hash":"f353e77e373d9dd95f884b7889706f540ffa21c4"}
,"/Users/susyqinqinyang/Desktop/Susy Study/hrnyc29/Bootcamp/week 8/tyche/client/components/Overview/QuantityDropDown.jsx": {"path":"/Users/susyqinqinyang/Desktop/Susy Study/hrnyc29/Bootcamp/week 8/tyche/client/components/Overview/QuantityDropDown.jsx","statementMap":{"0":{"start":{"line":5,"column":25},"end":{"line":59,"column":1}},"1":{"start":{"line":6,"column":41},"end":{"line":6,"column":53}},"2":{"start":{"line":7,"column":38},"end":{"line":7,"column":50}},"3":{"start":{"line":10,"column":4},"end":{"line":10,"column":23}},"4":{"start":{"line":11,"column":4},"end":{"line":11,"column":23}},"5":{"start":{"line":14,"column":2},"end":{"line":19,"column":20}},"6":{"start":{"line":15,"column":4},"end":{"line":18,"column":5}},"7":{"start":{"line":16,"column":16},"end":{"line":16,"column":46}},"8":{"start":{"line":17,"column":6},"end":{"line":17,"column":28}},"9":{"start":{"line":21,"column":27},"end":{"line":30,"column":3}},"10":{"start":{"line":22,"column":4},"end":{"line":24,"column":5}},"11":{"start":{"line":23,"column":6},"end":{"line":23,"column":15}},"12":{"start":{"line":25,"column":21},"end":{"line":25,"column":23}},"13":{"start":{"line":26,"column":4},"end":{"line":28,"column":5}},"14":{"start":{"line":26,"column":17},"end":{"line":26,"column":18}},"15":{"start":{"line":27,"column":6},"end":{"line":27,"column":25}},"16":{"start":{"line":29,"column":4},"end":{"line":29,"column":30}},"17":{"start":{"line":33,"column":4},"end":{"line":43,"column":11}},"18":{"start":{"line":36,"column":12},"end":{"line":40,"column":14}},"19":{"start":{"line":46,"column":2},"end":{"line":58,"column":4}}},"fnMap":{"0":{"name":"(anonymous_0)","decl":{"start":{"line":5,"column":25},"end":{"line":5,"column":26}},"loc":{"start":{"line":5,"column":58},"end":{"line":59,"column":1}},"line":5},"1":{"name":"handleMenu2Click","decl":{"start":{"line":9,"column":11},"end":{"line":9,"column":27}},"loc":{"start":{"line":9,"column":31},"end":{"line":12,"column":3}},"line":9},"2":{"name":"(anonymous_2)","decl":{"start":{"line":14,"column":12},"end":{"line":14,"column":13}},"loc":{"start":{"line":14,"column":18},"end":{"line":19,"column":3}},"line":14},"3":{"name":"(anonymous_3)","decl":{"start":{"line":21,"column":27},"end":{"line":21,"column":28}},"loc":{"start":{"line":21,"column":36},"end":{"line":30,"column":3}},"line":21},"4":{"name":"(anonymous_4)","decl":{"start":{"line":35,"column":38},"end":{"line":35,"column":39}},"loc":{"start":{"line":35,"column":49},"end":{"line":41,"column":11}},"line":35}},"branchMap":{"0":{"loc":{"start":{"line":15,"column":4},"end":{"line":18,"column":5}},"type":"if","locations":[{"start":{"line":15,"column":4},"end":{"line":18,"column":5}},{"start":{"line":15,"column":4},"end":{"line":18,"column":5}}],"line":15},"1":{"loc":{"start":{"line":22,"column":4},"end":{"line":24,"column":5}},"type":"if","locations":[{"start":{"line":22,"column":4},"end":{"line":24,"column":5}},{"start":{"line":22,"column":4},"end":{"line":24,"column":5}}],"line":22},"2":{"loc":{"start":{"line":34,"column":7},"end":{"line":42,"column":12}},"type":"cond-expr","locations":[{"start":{"line":35,"column":10},"end":{"line":41,"column":12}},{"start":{"line":42,"column":10},"end":{"line":42,"column":12}}],"line":34},"3":{"loc":{"start":{"line":48,"column":7},"end":{"line":56,"column":7}},"type":"cond-expr","locations":[{"start":{"line":49,"column":8},"end":{"line":53,"column":19}},{"start":{"line":55,"column":8},"end":{"line":55,"column":10}}],"line":48},"4":{"loc":{"start":{"line":51,"column":13},"end":{"line":51,"column":59}},"type":"cond-expr","locations":[{"start":{"line":51,"column":38},"end":{"line":51,"column":53}},{"start":{"line":51,"column":56},"end":{"line":51,"column":59}}],"line":51}},"s":{"0":1,"1":0,"2":0,"3":0,"4":0,"5":0,"6":0,"7":0,"8":0,"9":0,"10":0,"11":0,"12":0,"13":0,"14":0,"15":0,"16":0,"17":0,"18":0,"19":0},"f":{"0":0,"1":0,"2":0,"3":0,"4":0},"b":{"0":[0,0],"1":[0,0],"2":[0,0],"3":[0,0],"4":[0,0]},"_coverageSchema":"1a1c01bbd47fc00a2c39e90264f33305004495a9","hash":"343e89c27a3e56dbfe9d79e0bb32e2f935cebde0"}
,"/Users/susyqinqinyang/Desktop/Susy Study/hrnyc29/Bootcamp/week 8/tyche/client/components/Overview/Reviews.jsx": {"path":"/Users/susyqinqinyang/Desktop/Susy Study/hrnyc29/Bootcamp/week 8/tyche/client/components/Overview/Reviews.jsx","statementMap":{"0":{"start":{"line":5,"column":16},"end":{"line":43,"column":1}},"1":{"start":{"line":6,"column":28},"end":{"line":6,"column":39}},"2":{"start":{"line":8,"column":2},"end":{"line":13,"column":22}},"3":{"start":{"line":9,"column":4},"end":{"line":12,"column":5}},"4":{"start":{"line":10,"column":19},"end":{"line":10,"column":40}},"5":{"start":{"line":11,"column":6},"end":{"line":11,"column":23}},"6":{"start":{"line":15,"column":2},"end":{"line":42,"column":4}}},"fnMap":{"0":{"name":"(anonymous_0)","decl":{"start":{"line":5,"column":16},"end":{"line":5,"column":17}},"loc":{"start":{"line":5,"column":37},"end":{"line":43,"column":1}},"line":5},"1":{"name":"(anonymous_1)","decl":{"start":{"line":8,"column":12},"end":{"line":8,"column":13}},"loc":{"start":{"line":8,"column":18},"end":{"line":13,"column":3}},"line":8}},"branchMap":{"0":{"loc":{"start":{"line":9,"column":4},"end":{"line":12,"column":5}},"type":"if","locations":[{"start":{"line":9,"column":4},"end":{"line":12,"column":5}},{"start":{"line":9,"column":4},"end":{"line":12,"column":5}}],"line":9},"1":{"loc":{"start":{"line":17,"column":7},"end":{"line":28,"column":7}},"type":"cond-expr","locations":[{"start":{"line":18,"column":8},"end":{"line":25,"column":10}},{"start":{"line":27,"column":8},"end":{"line":27,"column":10}}],"line":17}},"s":{"0":1,"1":0,"2":0,"3":0,"4":0,"5":0,"6":0},"f":{"0":0,"1":0},"b":{"0":[0,0],"1":[0,0]},"_coverageSchema":"1a1c01bbd47fc00a2c39e90264f33305004495a9","hash":"0d4c931b8596774b89a5d258aa5916cb4992e6cf"}
,"/Users/susyqinqinyang/Desktop/Susy Study/hrnyc29/Bootcamp/week 8/tyche/client/components/Overview/Slide.jsx": {"path":"/Users/susyqinqinyang/Desktop/Susy Study/hrnyc29/Bootcamp/week 8/tyche/client/components/Overview/Slide.jsx","statementMap":{"0":{"start":{"line":5,"column":14},"end":{"line":15,"column":1}},"1":{"start":{"line":6,"column":2},"end":{"line":14,"column":4}}},"fnMap":{"0":{"name":"(anonymous_0)","decl":{"start":{"line":5,"column":14},"end":{"line":5,"column":15}},"loc":{"start":{"line":6,"column":2},"end":{"line":14,"column":4}},"line":6}},"branchMap":{},"s":{"0":1,"1":0},"f":{"0":0},"b":{},"_coverageSchema":"1a1c01bbd47fc00a2c39e90264f33305004495a9","hash":"53970045b88b85ee22358a65f96c3f1e1d84e464"}
,"/Users/susyqinqinyang/Desktop/Susy Study/hrnyc29/Bootcamp/week 8/tyche/client/components/Overview/Thumbnails.jsx": {"path":"/Users/susyqinqinyang/Desktop/Susy Study/hrnyc29/Bootcamp/week 8/tyche/client/components/Overview/Thumbnails.jsx","statementMap":{"0":{"start":{"line":4,"column":19},"end":{"line":41,"column":1}},"1":{"start":{"line":5,"column":2},"end":{"line":40,"column":4}},"2":{"start":{"line":17,"column":22},"end":{"line":17,"column":45}},"3":{"start":{"line":18,"column":8},"end":{"line":28,"column":9}},"4":{"start":{"line":19,"column":10},"end":{"line":27,"column":12}},"5":{"start":{"line":25,"column":29},"end":{"line":25,"column":51}},"6":{"start":{"line":29,"column":8},"end":{"line":37,"column":10}},"7":{"start":{"line":35,"column":27},"end":{"line":35,"column":49}}},"fnMap":{"0":{"name":"(anonymous_0)","decl":{"start":{"line":4,"column":19},"end":{"line":4,"column":20}},"loc":{"start":{"line":4,"column":65},"end":{"line":41,"column":1}},"line":4},"1":{"name":"(anonymous_1)","decl":{"start":{"line":16,"column":22},"end":{"line":16,"column":23}},"loc":{"start":{"line":16,"column":40},"end":{"line":38,"column":7}},"line":16},"2":{"name":"(anonymous_2)","decl":{"start":{"line":25,"column":23},"end":{"line":25,"column":24}},"loc":{"start":{"line":25,"column":29},"end":{"line":25,"column":51}},"line":25},"3":{"name":"(anonymous_3)","decl":{"start":{"line":35,"column":21},"end":{"line":35,"column":22}},"loc":{"start":{"line":35,"column":27},"end":{"line":35,"column":49}},"line":35}},"branchMap":{"0":{"loc":{"start":{"line":18,"column":8},"end":{"line":28,"column":9}},"type":"if","locations":[{"start":{"line":18,"column":8},"end":{"line":28,"column":9}},{"start":{"line":18,"column":8},"end":{"line":28,"column":9}}],"line":18}},"s":{"0":1,"1":0,"2":0,"3":0,"4":0,"5":0,"6":0,"7":0},"f":{"0":0,"1":0,"2":0,"3":0},"b":{"0":[0,0]},"_coverageSchema":"1a1c01bbd47fc00a2c39e90264f33305004495a9","hash":"064b386c52422a8014383c7161ab296fc6b366fa"}
,"/Users/susyqinqinyang/Desktop/Susy Study/hrnyc29/Bootcamp/week 8/tyche/client/components/Overview/Zoom.jsx": {"path":"/Users/susyqinqinyang/Desktop/Susy Study/hrnyc29/Bootcamp/week 8/tyche/client/components/Overview/Zoom.jsx","statementMap":{"0":{"start":{"line":4,"column":13},"end":{"line":29,"column":1}},"1":{"start":{"line":5,"column":2},"end":{"line":28,"column":4}}},"fnMap":{"0":{"name":"(anonymous_0)","decl":{"start":{"line":4,"column":13},"end":{"line":4,"column":14}},"loc":{"start":{"line":4,"column":53},"end":{"line":29,"column":1}},"line":4}},"branchMap":{"0":{"loc":{"start":{"line":7,"column":7},"end":{"line":26,"column":7}},"type":"cond-expr","locations":[{"start":{"line":8,"column":8},"end":{"line":23,"column":16}},{"start":{"line":25,"column":8},"end":{"line":25,"column":10}}],"line":7}},"s":{"0":1,"1":0},"f":{"0":0},"b":{"0":[0,0]},"_coverageSchema":"1a1c01bbd47fc00a2c39e90264f33305004495a9","hash":"038a582b159a137855904f37356189ded27c74cc"}
,"/Users/susyqinqinyang/Desktop/Susy Study/hrnyc29/Bootcamp/week 8/tyche/client/components/QnAComponents/Answer.jsx": {"path":"/Users/susyqinqinyang/Desktop/Susy Study/hrnyc29/Bootcamp/week 8/tyche/client/components/QnAComponents/Answer.jsx","statementMap":{"0":{"start":{"line":7,"column":15},"end":{"line":57,"column":1}},"1":{"start":{"line":8,"column":49},"end":{"line":8,"column":63}},"2":{"start":{"line":10,"column":2},"end":{"line":56,"column":4}},"3":{"start":{"line":38,"column":18},"end":{"line":42,"column":23}},"4":{"start":{"line":41,"column":22},"end":{"line":41,"column":50}},"5":{"start":{"line":59,"column":0},"end":{"line":65,"column":2}}},"fnMap":{"0":{"name":"(anonymous_0)","decl":{"start":{"line":7,"column":15},"end":{"line":7,"column":16}},"loc":{"start":{"line":7,"column":77},"end":{"line":57,"column":1}},"line":7},"1":{"name":"(anonymous_1)","decl":{"start":{"line":37,"column":25},"end":{"line":37,"column":26}},"loc":{"start":{"line":37,"column":31},"end":{"line":43,"column":17}},"line":37},"2":{"name":"(anonymous_2)","decl":{"start":{"line":40,"column":26},"end":{"line":40,"column":27}},"loc":{"start":{"line":40,"column":36},"end":{"line":42,"column":21}},"line":40}},"branchMap":{"0":{"loc":{"start":{"line":12,"column":7},"end":{"line":54,"column":7}},"type":"cond-expr","locations":[{"start":{"line":13,"column":8},"end":{"line":51,"column":14}},{"start":{"line":53,"column":8},"end":{"line":53,"column":13}}],"line":12},"1":{"loc":{"start":{"line":18,"column":13},"end":{"line":18,"column":23}},"type":"binary-expr","locations":[{"start":{"line":18,"column":13},"end":{"line":18,"column":17}},{"start":{"line":18,"column":21},"end":{"line":18,"column":23}}],"line":18},"2":{"loc":{"start":{"line":23,"column":13},"end":{"line":27,"column":13}},"type":"cond-expr","locations":[{"start":{"line":24,"column":14},"end":{"line":24,"column":66}},{"start":{"line":26,"column":14},"end":{"line":26,"column":42}}],"line":23},"3":{"loc":{"start":{"line":35,"column":13},"end":{"line":49,"column":13}},"type":"cond-expr","locations":[{"start":{"line":36,"column":14},"end":{"line":46,"column":18}},{"start":{"line":48,"column":14},"end":{"line":48,"column":35}}],"line":35}},"s":{"0":1,"1":0,"2":0,"3":0,"4":0,"5":1},"f":{"0":0,"1":0,"2":0},"b":{"0":[0,0],"1":[0,0],"2":[0,0],"3":[0,0]},"_coverageSchema":"1a1c01bbd47fc00a2c39e90264f33305004495a9","hash":"6aa566745c2957e2172e744358ff30d01fd244e5"}
,"/Users/susyqinqinyang/Desktop/Susy Study/hrnyc29/Bootcamp/week 8/tyche/client/components/QnAComponents/AnswerModal.jsx": {"path":"/Users/susyqinqinyang/Desktop/Susy Study/hrnyc29/Bootcamp/week 8/tyche/client/components/QnAComponents/AnswerModal.jsx","statementMap":{"0":{"start":{"line":6,"column":20},"end":{"line":133,"column":1}},"1":{"start":{"line":14,"column":41},"end":{"line":14,"column":53}},"2":{"start":{"line":15,"column":43},"end":{"line":15,"column":55}},"3":{"start":{"line":16,"column":47},"end":{"line":16,"column":59}},"4":{"start":{"line":19,"column":26},"end":{"line":37,"column":3}},"5":{"start":{"line":20,"column":18},"end":{"line":20,"column":49}},"6":{"start":{"line":21,"column":4},"end":{"line":23,"column":5}},"7":{"start":{"line":22,"column":6},"end":{"line":22,"column":30}},"8":{"start":{"line":24,"column":4},"end":{"line":26,"column":5}},"9":{"start":{"line":25,"column":6},"end":{"line":25,"column":30}},"10":{"start":{"line":27,"column":4},"end":{"line":29,"column":5}},"11":{"start":{"line":28,"column":6},"end":{"line":28,"column":27}},"12":{"start":{"line":31,"column":4},"end":{"line":36,"column":5}},"13":{"start":{"line":32,"column":6},"end":{"line":32,"column":28}},"14":{"start":{"line":33,"column":6},"end":{"line":33,"column":19}},"15":{"start":{"line":35,"column":6},"end":{"line":35,"column":18}},"16":{"start":{"line":39,"column":2},"end":{"line":132,"column":4}},"17":{"start":{"line":46,"column":12},"end":{"line":46,"column":36}},"18":{"start":{"line":65,"column":10},"end":{"line":81,"column":11}},"19":{"start":{"line":66,"column":12},"end":{"line":80,"column":17}},"20":{"start":{"line":73,"column":16},"end":{"line":73,"column":51}},"21":{"start":{"line":76,"column":16},"end":{"line":76,"column":41}},"22":{"start":{"line":77,"column":16},"end":{"line":77,"column":37}},"23":{"start":{"line":78,"column":16},"end":{"line":78,"column":40}},"24":{"start":{"line":79,"column":16},"end":{"line":79,"column":38}},"25":{"start":{"line":84,"column":10},"end":{"line":84,"column":35}},"26":{"start":{"line":85,"column":10},"end":{"line":85,"column":31}},"27":{"start":{"line":86,"column":10},"end":{"line":86,"column":34}},"28":{"start":{"line":87,"column":10},"end":{"line":87,"column":32}},"29":{"start":{"line":102,"column":12},"end":{"line":102,"column":46}},"30":{"start":{"line":113,"column":12},"end":{"line":113,"column":48}},"31":{"start":{"line":125,"column":12},"end":{"line":125,"column":45}}},"fnMap":{"0":{"name":"(anonymous_0)","decl":{"start":{"line":6,"column":20},"end":{"line":6,"column":21}},"loc":{"start":{"line":13,"column":6},"end":{"line":133,"column":1}},"line":13},"1":{"name":"(anonymous_1)","decl":{"start":{"line":19,"column":26},"end":{"line":19,"column":27}},"loc":{"start":{"line":19,"column":32},"end":{"line":37,"column":3}},"line":19},"2":{"name":"(anonymous_2)","decl":{"start":{"line":45,"column":19},"end":{"line":45,"column":20}},"loc":{"start":{"line":45,"column":25},"end":{"line":47,"column":11}},"line":45},"3":{"name":"(anonymous_3)","decl":{"start":{"line":64,"column":14},"end":{"line":64,"column":15}},"loc":{"start":{"line":64,"column":20},"end":{"line":82,"column":9}},"line":64},"4":{"name":"(anonymous_4)","decl":{"start":{"line":72,"column":20},"end":{"line":72,"column":21}},"loc":{"start":{"line":72,"column":26},"end":{"line":74,"column":15}},"line":72},"5":{"name":"(anonymous_5)","decl":{"start":{"line":75,"column":20},"end":{"line":75,"column":21}},"loc":{"start":{"line":75,"column":26},"end":{"line":80,"column":15}},"line":75},"6":{"name":"(anonymous_6)","decl":{"start":{"line":83,"column":18},"end":{"line":83,"column":19}},"loc":{"start":{"line":83,"column":24},"end":{"line":88,"column":9}},"line":83},"7":{"name":"(anonymous_7)","decl":{"start":{"line":101,"column":20},"end":{"line":101,"column":21}},"loc":{"start":{"line":101,"column":27},"end":{"line":103,"column":11}},"line":101},"8":{"name":"(anonymous_8)","decl":{"start":{"line":112,"column":20},"end":{"line":112,"column":21}},"loc":{"start":{"line":112,"column":27},"end":{"line":114,"column":11}},"line":112},"9":{"name":"(anonymous_9)","decl":{"start":{"line":124,"column":20},"end":{"line":124,"column":21}},"loc":{"start":{"line":124,"column":27},"end":{"line":126,"column":11}},"line":124}},"branchMap":{"0":{"loc":{"start":{"line":21,"column":4},"end":{"line":23,"column":5}},"type":"if","locations":[{"start":{"line":21,"column":4},"end":{"line":23,"column":5}},{"start":{"line":21,"column":4},"end":{"line":23,"column":5}}],"line":21},"1":{"loc":{"start":{"line":24,"column":4},"end":{"line":26,"column":5}},"type":"if","locations":[{"start":{"line":24,"column":4},"end":{"line":26,"column":5}},{"start":{"line":24,"column":4},"end":{"line":26,"column":5}}],"line":24},"2":{"loc":{"start":{"line":27,"column":4},"end":{"line":29,"column":5}},"type":"if","locations":[{"start":{"line":27,"column":4},"end":{"line":29,"column":5}},{"start":{"line":27,"column":4},"end":{"line":29,"column":5}}],"line":27},"3":{"loc":{"start":{"line":27,"column":8},"end":{"line":27,"column":72}},"type":"binary-expr","locations":[{"start":{"line":27,"column":8},"end":{"line":27,"column":38}},{"start":{"line":27,"column":42},"end":{"line":27,"column":72}}],"line":27},"4":{"loc":{"start":{"line":31,"column":4},"end":{"line":36,"column":5}},"type":"if","locations":[{"start":{"line":31,"column":4},"end":{"line":36,"column":5}},{"start":{"line":31,"column":4},"end":{"line":36,"column":5}}],"line":31},"5":{"loc":{"start":{"line":65,"column":10},"end":{"line":81,"column":11}},"type":"if","locations":[{"start":{"line":65,"column":10},"end":{"line":81,"column":11}},{"start":{"line":65,"column":10},"end":{"line":81,"column":11}}],"line":65}},"s":{"0":1,"1":0,"2":0,"3":0,"4":0,"5":0,"6":0,"7":0,"8":0,"9":0,"10":0,"11":0,"12":0,"13":0,"14":0,"15":0,"16":0,"17":0,"18":0,"19":0,"20":0,"21":0,"22":0,"23":0,"24":0,"25":0,"26":0,"27":0,"28":0,"29":0,"30":0,"31":0},"f":{"0":0,"1":0,"2":0,"3":0,"4":0,"5":0,"6":0,"7":0,"8":0,"9":0},"b":{"0":[0,0],"1":[0,0],"2":[0,0],"3":[0,0],"4":[0,0],"5":[0,0]},"_coverageSchema":"1a1c01bbd47fc00a2c39e90264f33305004495a9","hash":"6fe7928ae24e25fcf6d9a6cb1b99e033494c4128"}
,"/Users/susyqinqinyang/Desktop/Susy Study/hrnyc29/Bootcamp/week 8/tyche/client/components/QnAComponents/Helpful.jsx": {"path":"/Users/susyqinqinyang/Desktop/Susy Study/hrnyc29/Bootcamp/week 8/tyche/client/components/QnAComponents/Helpful.jsx","statementMap":{"0":{"start":{"line":4,"column":16},"end":{"line":46,"column":1}},"1":{"start":{"line":5,"column":15},"end":{"line":5,"column":74}},"2":{"start":{"line":6,"column":32},"end":{"line":6,"column":47}},"3":{"start":{"line":8,"column":2},"end":{"line":45,"column":4}},"4":{"start":{"line":20,"column":12},"end":{"line":20,"column":50}},"5":{"start":{"line":21,"column":12},"end":{"line":38,"column":17}},"6":{"start":{"line":28,"column":16},"end":{"line":31,"column":18}},"7":{"start":{"line":34,"column":16},"end":{"line":34,"column":79}},"8":{"start":{"line":37,"column":16},"end":{"line":37,"column":33}}},"fnMap":{"0":{"name":"(anonymous_0)","decl":{"start":{"line":4,"column":16},"end":{"line":4,"column":17}},"loc":{"start":{"line":4,"column":64},"end":{"line":46,"column":1}},"line":4},"1":{"name":"(anonymous_1)","decl":{"start":{"line":19,"column":19},"end":{"line":19,"column":20}},"loc":{"start":{"line":19,"column":26},"end":{"line":39,"column":11}},"line":19},"2":{"name":"(anonymous_2)","decl":{"start":{"line":27,"column":20},"end":{"line":27,"column":21}},"loc":{"start":{"line":27,"column":30},"end":{"line":32,"column":15}},"line":27},"3":{"name":"(anonymous_3)","decl":{"start":{"line":33,"column":20},"end":{"line":33,"column":21}},"loc":{"start":{"line":33,"column":26},"end":{"line":35,"column":15}},"line":33},"4":{"name":"(anonymous_4)","decl":{"start":{"line":36,"column":20},"end":{"line":36,"column":21}},"loc":{"start":{"line":36,"column":26},"end":{"line":38,"column":15}},"line":36}},"branchMap":{"0":{"loc":{"start":{"line":5,"column":15},"end":{"line":5,"column":74}},"type":"binary-expr","locations":[{"start":{"line":5,"column":15},"end":{"line":5,"column":68}},{"start":{"line":5,"column":72},"end":{"line":5,"column":74}}],"line":5},"1":{"loc":{"start":{"line":11,"column":7},"end":{"line":43,"column":7}},"type":"cond-expr","locations":[{"start":{"line":12,"column":8},"end":{"line":15,"column":15}},{"start":{"line":17,"column":8},"end":{"line":42,"column":12}}],"line":11},"2":{"loc":{"start":{"line":11,"column":7},"end":{"line":11,"column":37}},"type":"binary-expr","locations":[{"start":{"line":11,"column":7},"end":{"line":11,"column":26}},{"start":{"line":11,"column":30},"end":{"line":11,"column":37}}],"line":11},"3":{"loc":{"start":{"line":14,"column":15},"end":{"line":14,"column":54}},"type":"cond-expr","locations":[{"start":{"line":14,"column":25},"end":{"line":14,"column":40}},{"start":{"line":14,"column":43},"end":{"line":14,"column":54}}],"line":14},"4":{"loc":{"start":{"line":23,"column":16},"end":{"line":25,"column":75}},"type":"cond-expr","locations":[{"start":{"line":24,"column":20},"end":{"line":24,"column":77}},{"start":{"line":25,"column":20},"end":{"line":25,"column":75}}],"line":23}},"s":{"0":1,"1":2,"2":2,"3":2,"4":0,"5":0,"6":0,"7":0,"8":0},"f":{"0":2,"1":0,"2":0,"3":0,"4":0},"b":{"0":[2,2],"1":[0,2],"2":[2,2],"3":[0,0],"4":[0,0]},"_coverageSchema":"1a1c01bbd47fc00a2c39e90264f33305004495a9","hash":"bdd0104fe8a6f380e41b441dd39fae0a934f3baa"}
,"/Users/susyqinqinyang/Desktop/Susy Study/hrnyc29/Bootcamp/week 8/tyche/client/components/QnAComponents/QnA.jsx": {"path":"/Users/susyqinqinyang/Desktop/Susy Study/hrnyc29/Bootcamp/week 8/tyche/client/components/QnAComponents/QnA.jsx","statementMap":{"0":{"start":{"line":7,"column":12},"end":{"line":91,"column":1}},"1":{"start":{"line":8,"column":49},"end":{"line":8,"column":60}},"2":{"start":{"line":9,"column":43},"end":{"line":9,"column":55}},"3":{"start":{"line":10,"column":53},"end":{"line":10,"column":68}},"4":{"start":{"line":12,"column":2},"end":{"line":20,"column":20}},"5":{"start":{"line":13,"column":4},"end":{"line":19,"column":9}},"6":{"start":{"line":15,"column":8},"end":{"line":15,"column":32}},"7":{"start":{"line":18,"column":8},"end":{"line":18,"column":30}},"8":{"start":{"line":22,"column":26},"end":{"line":29,"column":3}},"9":{"start":{"line":27,"column":16},"end":{"line":27,"column":71}},"10":{"start":{"line":28,"column":4},"end":{"line":28,"column":65}},"11":{"start":{"line":33,"column":2},"end":{"line":55,"column":3}},"12":{"start":{"line":38,"column":4},"end":{"line":38,"column":54}},"13":{"start":{"line":40,"column":4},"end":{"line":54,"column":6}},"14":{"start":{"line":50,"column":23},"end":{"line":50,"column":63}},"15":{"start":{"line":59,"column":2},"end":{"line":72,"column":3}},"16":{"start":{"line":60,"column":4},"end":{"line":69,"column":9}},"17":{"start":{"line":64,"column":8},"end":{"line":64,"column":63}},"18":{"start":{"line":68,"column":8},"end":{"line":68,"column":66}},"19":{"start":{"line":71,"column":4},"end":{"line":71,"column":29}},"20":{"start":{"line":74,"column":2},"end":{"line":90,"column":4}}},"fnMap":{"0":{"name":"(anonymous_0)","decl":{"start":{"line":7,"column":12},"end":{"line":7,"column":13}},"loc":{"start":{"line":7,"column":68},"end":{"line":91,"column":1}},"line":7},"1":{"name":"(anonymous_1)","decl":{"start":{"line":12,"column":12},"end":{"line":12,"column":13}},"loc":{"start":{"line":12,"column":18},"end":{"line":20,"column":3}},"line":12},"2":{"name":"(anonymous_2)","decl":{"start":{"line":14,"column":12},"end":{"line":14,"column":13}},"loc":{"start":{"line":14,"column":18},"end":{"line":16,"column":7}},"line":14},"3":{"name":"(anonymous_3)","decl":{"start":{"line":17,"column":12},"end":{"line":17,"column":13}},"loc":{"start":{"line":17,"column":18},"end":{"line":19,"column":7}},"line":17},"4":{"name":"(anonymous_4)","decl":{"start":{"line":22,"column":26},"end":{"line":22,"column":27}},"loc":{"start":{"line":22,"column":37},"end":{"line":29,"column":3}},"line":22},"5":{"name":"(anonymous_5)","decl":{"start":{"line":50,"column":17},"end":{"line":50,"column":18}},"loc":{"start":{"line":50,"column":23},"end":{"line":50,"column":63}},"line":50},"6":{"name":"(anonymous_6)","decl":{"start":{"line":62,"column":12},"end":{"line":62,"column":13}},"loc":{"start":{"line":62,"column":22},"end":{"line":65,"column":7}},"line":62},"7":{"name":"(anonymous_7)","decl":{"start":{"line":67,"column":11},"end":{"line":67,"column":12}},"loc":{"start":{"line":67,"column":22},"end":{"line":69,"column":7}},"line":67}},"branchMap":{"0":{"loc":{"start":{"line":27,"column":16},"end":{"line":27,"column":71}},"type":"cond-expr","locations":[{"start":{"line":27,"column":41},"end":{"line":27,"column":66}},{"start":{"line":27,"column":69},"end":{"line":27,"column":71}}],"line":27},"1":{"loc":{"start":{"line":33,"column":2},"end":{"line":55,"column":3}},"type":"if","locations":[{"start":{"line":33,"column":2},"end":{"line":55,"column":3}},{"start":{"line":33,"column":2},"end":{"line":55,"column":3}}],"line":33},"2":{"loc":{"start":{"line":34,"column":4},"end":{"line":36,"column":74}},"type":"binary-expr","locations":[{"start":{"line":34,"column":4},"end":{"line":34,"column":39}},{"start":{"line":35,"column":4},"end":{"line":35,"column":33}},{"start":{"line":36,"column":4},"end":{"line":36,"column":74}}],"line":34},"3":{"loc":{"start":{"line":59,"column":2},"end":{"line":72,"column":3}},"type":"if","locations":[{"start":{"line":59,"column":2},"end":{"line":72,"column":3}},{"start":{"line":59,"column":2},"end":{"line":72,"column":3}}],"line":59}},"s":{"0":1,"1":0,"2":0,"3":0,"4":0,"5":0,"6":0,"7":0,"8":0,"9":0,"10":0,"11":0,"12":0,"13":0,"14":0,"15":0,"16":0,"17":0,"18":0,"19":0,"20":0},"f":{"0":0,"1":0,"2":0,"3":0,"4":0,"5":0,"6":0,"7":0},"b":{"0":[0,0],"1":[0,0],"2":[0,0,0],"3":[0,0]},"_coverageSchema":"1a1c01bbd47fc00a2c39e90264f33305004495a9","hash":"d7e565dadacc788463deefefed85a4b77c7a5b81"}
,"/Users/susyqinqinyang/Desktop/Susy Study/hrnyc29/Bootcamp/week 8/tyche/client/components/QnAComponents/QnABlock.jsx": {"path":"/Users/susyqinqinyang/Desktop/Susy Study/hrnyc29/Bootcamp/week 8/tyche/client/components/QnAComponents/QnABlock.jsx","statementMap":{"0":{"start":{"line":7,"column":17},"end":{"line":105,"column":1}},"1":{"start":{"line":8,"column":47},"end":{"line":8,"column":62}},"2":{"start":{"line":9,"column":49},"end":{"line":9,"column":64}},"3":{"start":{"line":11,"column":2},"end":{"line":17,"column":22}},"4":{"start":{"line":12,"column":4},"end":{"line":16,"column":5}},"5":{"start":{"line":13,"column":6},"end":{"line":13,"column":32}},"6":{"start":{"line":15,"column":6},"end":{"line":15,"column":33}},"7":{"start":{"line":19,"column":17},"end":{"line":32,"column":3}},"8":{"start":{"line":34,"column":24},"end":{"line":38,"column":3}},"9":{"start":{"line":35,"column":23},"end":{"line":35,"column":62}},"10":{"start":{"line":36,"column":4},"end":{"line":36,"column":54}},"11":{"start":{"line":37,"column":4},"end":{"line":37,"column":65}},"12":{"start":{"line":42,"column":2},"end":{"line":52,"column":3}},"13":{"start":{"line":43,"column":4},"end":{"line":45,"column":6}},"14":{"start":{"line":44,"column":24},"end":{"line":44,"column":50}},"15":{"start":{"line":46,"column":9},"end":{"line":52,"column":3}},"16":{"start":{"line":47,"column":4},"end":{"line":49,"column":6}},"17":{"start":{"line":48,"column":24},"end":{"line":48,"column":49}},"18":{"start":{"line":51,"column":4},"end":{"line":51,"column":11}},"19":{"start":{"line":54,"column":2},"end":{"line":104,"column":4}},"20":{"start":{"line":72,"column":12},"end":{"line":74,"column":14}},"21":{"start":{"line":75,"column":12},"end":{"line":84,"column":14}},"22":{"start":{"line":88,"column":12},"end":{"line":92,"column":14}},"23":{"start":{"line":95,"column":12},"end":{"line":99,"column":13}},"24":{"start":{"line":96,"column":14},"end":{"line":96,"column":25}},"25":{"start":{"line":97,"column":19},"end":{"line":99,"column":13}},"26":{"start":{"line":98,"column":14},"end":{"line":98,"column":25}}},"fnMap":{"0":{"name":"(anonymous_0)","decl":{"start":{"line":7,"column":17},"end":{"line":7,"column":18}},"loc":{"start":{"line":7,"column":45},"end":{"line":105,"column":1}},"line":7},"1":{"name":"(anonymous_1)","decl":{"start":{"line":11,"column":12},"end":{"line":11,"column":13}},"loc":{"start":{"line":11,"column":18},"end":{"line":17,"column":3}},"line":11},"2":{"name":"(anonymous_2)","decl":{"start":{"line":34,"column":24},"end":{"line":34,"column":25}},"loc":{"start":{"line":34,"column":34},"end":{"line":38,"column":3}},"line":34},"3":{"name":"(anonymous_3)","decl":{"start":{"line":44,"column":18},"end":{"line":44,"column":19}},"loc":{"start":{"line":44,"column":24},"end":{"line":44,"column":50}},"line":44},"4":{"name":"(anonymous_4)","decl":{"start":{"line":48,"column":18},"end":{"line":48,"column":19}},"loc":{"start":{"line":48,"column":24},"end":{"line":48,"column":49}},"line":48},"5":{"name":"(anonymous_5)","decl":{"start":{"line":71,"column":15},"end":{"line":71,"column":16}},"loc":{"start":{"line":71,"column":36},"end":{"line":85,"column":11}},"line":71},"6":{"name":"(anonymous_6)","decl":{"start":{"line":87,"column":16},"end":{"line":87,"column":17}},"loc":{"start":{"line":87,"column":26},"end":{"line":93,"column":11}},"line":87},"7":{"name":"(anonymous_7)","decl":{"start":{"line":94,"column":18},"end":{"line":94,"column":19}},"loc":{"start":{"line":94,"column":34},"end":{"line":100,"column":11}},"line":94}},"branchMap":{"0":{"loc":{"start":{"line":12,"column":4},"end":{"line":16,"column":5}},"type":"if","locations":[{"start":{"line":12,"column":4},"end":{"line":16,"column":5}},{"start":{"line":12,"column":4},"end":{"line":16,"column":5}}],"line":12},"1":{"loc":{"start":{"line":42,"column":2},"end":{"line":52,"column":3}},"type":"if","locations":[{"start":{"line":42,"column":2},"end":{"line":52,"column":3}},{"start":{"line":42,"column":2},"end":{"line":52,"column":3}}],"line":42},"2":{"loc":{"start":{"line":46,"column":9},"end":{"line":52,"column":3}},"type":"if","locations":[{"start":{"line":46,"column":9},"end":{"line":52,"column":3}},{"start":{"line":46,"column":9},"end":{"line":52,"column":3}}],"line":46},"3":{"loc":{"start":{"line":89,"column":14},"end":{"line":91,"column":55}},"type":"binary-expr","locations":[{"start":{"line":89,"column":14},"end":{"line":90,"column":52}},{"start":{"line":91,"column":14},"end":{"line":91,"column":55}}],"line":89},"4":{"loc":{"start":{"line":95,"column":12},"end":{"line":99,"column":13}},"type":"if","locations":[{"start":{"line":95,"column":12},"end":{"line":99,"column":13}},{"start":{"line":95,"column":12},"end":{"line":99,"column":13}}],"line":95},"5":{"loc":{"start":{"line":95,"column":16},"end":{"line":95,"column":42}},"type":"binary-expr","locations":[{"start":{"line":95,"column":16},"end":{"line":95,"column":29}},{"start":{"line":95,"column":33},"end":{"line":95,"column":42}}],"line":95},"6":{"loc":{"start":{"line":97,"column":19},"end":{"line":99,"column":13}},"type":"if","locations":[{"start":{"line":97,"column":19},"end":{"line":99,"column":13}},{"start":{"line":97,"column":19},"end":{"line":99,"column":13}}],"line":97},"7":{"loc":{"start":{"line":102,"column":7},"end":{"line":102,"column":61}},"type":"binary-expr","locations":[{"start":{"line":102,"column":7},"end":{"line":102,"column":44}},{"start":{"line":102,"column":48},"end":{"line":102,"column":61}}],"line":102}},"s":{"0":1,"1":0,"2":0,"3":0,"4":0,"5":0,"6":0,"7":0,"8":0,"9":0,"10":0,"11":0,"12":0,"13":0,"14":0,"15":0,"16":0,"17":0,"18":0,"19":0,"20":0,"21":0,"22":0,"23":0,"24":0,"25":0,"26":0},"f":{"0":0,"1":0,"2":0,"3":0,"4":0,"5":0,"6":0,"7":0},"b":{"0":[0,0],"1":[0,0],"2":[0,0],"3":[0,0],"4":[0,0],"5":[0,0],"6":[0,0],"7":[0,0]},"_coverageSchema":"1a1c01bbd47fc00a2c39e90264f33305004495a9","hash":"163bd2b5333d599276ca57f3f18e7b836c38c54a"}
,"/Users/susyqinqinyang/Desktop/Susy Study/hrnyc29/Bootcamp/week 8/tyche/client/components/QnAComponents/Question.jsx": {"path":"/Users/susyqinqinyang/Desktop/Susy Study/hrnyc29/Bootcamp/week 8/tyche/client/components/QnAComponents/Question.jsx","statementMap":{"0":{"start":{"line":6,"column":17},"end":{"line":20,"column":1}},"1":{"start":{"line":7,"column":2},"end":{"line":19,"column":4}},"2":{"start":{"line":22,"column":0},"end":{"line":26,"column":2}}},"fnMap":{"0":{"name":"(anonymous_0)","decl":{"start":{"line":6,"column":17},"end":{"line":6,"column":18}},"loc":{"start":{"line":6,"column":75},"end":{"line":20,"column":1}},"line":6}},"branchMap":{},"s":{"0":1,"1":0,"2":1},"f":{"0":0},"b":{},"_coverageSchema":"1a1c01bbd47fc00a2c39e90264f33305004495a9","hash":"f2665d1196e8dba637f35fc792c258782ce9abdd"}
,"/Users/susyqinqinyang/Desktop/Susy Study/hrnyc29/Bootcamp/week 8/tyche/client/components/QnAComponents/QuestionModal.jsx": {"path":"/Users/susyqinqinyang/Desktop/Susy Study/hrnyc29/Bootcamp/week 8/tyche/client/components/QnAComponents/QuestionModal.jsx","statementMap":{"0":{"start":{"line":8,"column":22},"end":{"line":137,"column":1}},"1":{"start":{"line":14,"column":41},"end":{"line":14,"column":53}},"2":{"start":{"line":15,"column":47},"end":{"line":15,"column":59}},"3":{"start":{"line":16,"column":47},"end":{"line":16,"column":59}},"4":{"start":{"line":18,"column":26},"end":{"line":36,"column":3}},"5":{"start":{"line":19,"column":18},"end":{"line":19,"column":49}},"6":{"start":{"line":20,"column":4},"end":{"line":22,"column":5}},"7":{"start":{"line":21,"column":6},"end":{"line":21,"column":30}},"8":{"start":{"line":23,"column":4},"end":{"line":25,"column":5}},"9":{"start":{"line":24,"column":6},"end":{"line":24,"column":30}},"10":{"start":{"line":26,"column":4},"end":{"line":28,"column":5}},"11":{"start":{"line":27,"column":6},"end":{"line":27,"column":27}},"12":{"start":{"line":30,"column":4},"end":{"line":35,"column":5}},"13":{"start":{"line":31,"column":6},"end":{"line":31,"column":28}},"14":{"start":{"line":32,"column":6},"end":{"line":32,"column":19}},"15":{"start":{"line":34,"column":6},"end":{"line":34,"column":18}},"16":{"start":{"line":38,"column":2},"end":{"line":136,"column":4}},"17":{"start":{"line":53,"column":10},"end":{"line":53,"column":36}},"18":{"start":{"line":69,"column":10},"end":{"line":85,"column":11}},"19":{"start":{"line":70,"column":12},"end":{"line":84,"column":17}},"20":{"start":{"line":77,"column":16},"end":{"line":77,"column":51}},"21":{"start":{"line":80,"column":16},"end":{"line":80,"column":43}},"22":{"start":{"line":81,"column":16},"end":{"line":81,"column":37}},"23":{"start":{"line":82,"column":16},"end":{"line":82,"column":40}},"24":{"start":{"line":83,"column":16},"end":{"line":83,"column":40}},"25":{"start":{"line":88,"column":10},"end":{"line":88,"column":37}},"26":{"start":{"line":89,"column":10},"end":{"line":89,"column":31}},"27":{"start":{"line":90,"column":10},"end":{"line":90,"column":34}},"28":{"start":{"line":91,"column":10},"end":{"line":91,"column":34}},"29":{"start":{"line":106,"column":12},"end":{"line":106,"column":48}},"30":{"start":{"line":117,"column":12},"end":{"line":117,"column":48}},"31":{"start":{"line":129,"column":12},"end":{"line":129,"column":45}}},"fnMap":{"0":{"name":"(anonymous_0)","decl":{"start":{"line":8,"column":22},"end":{"line":8,"column":23}},"loc":{"start":{"line":13,"column":6},"end":{"line":137,"column":1}},"line":13},"1":{"name":"(anonymous_1)","decl":{"start":{"line":18,"column":26},"end":{"line":18,"column":27}},"loc":{"start":{"line":18,"column":32},"end":{"line":36,"column":3}},"line":18},"2":{"name":"(anonymous_2)","decl":{"start":{"line":52,"column":17},"end":{"line":52,"column":18}},"loc":{"start":{"line":52,"column":23},"end":{"line":54,"column":9}},"line":52},"3":{"name":"(anonymous_3)","decl":{"start":{"line":68,"column":14},"end":{"line":68,"column":15}},"loc":{"start":{"line":68,"column":20},"end":{"line":86,"column":9}},"line":68},"4":{"name":"(anonymous_4)","decl":{"start":{"line":76,"column":20},"end":{"line":76,"column":21}},"loc":{"start":{"line":76,"column":30},"end":{"line":78,"column":15}},"line":76},"5":{"name":"(anonymous_5)","decl":{"start":{"line":79,"column":20},"end":{"line":79,"column":21}},"loc":{"start":{"line":79,"column":26},"end":{"line":84,"column":15}},"line":79},"6":{"name":"(anonymous_6)","decl":{"start":{"line":87,"column":18},"end":{"line":87,"column":19}},"loc":{"start":{"line":87,"column":24},"end":{"line":92,"column":9}},"line":87},"7":{"name":"(anonymous_7)","decl":{"start":{"line":105,"column":20},"end":{"line":105,"column":21}},"loc":{"start":{"line":105,"column":27},"end":{"line":107,"column":11}},"line":105},"8":{"name":"(anonymous_8)","decl":{"start":{"line":116,"column":20},"end":{"line":116,"column":21}},"loc":{"start":{"line":116,"column":27},"end":{"line":118,"column":11}},"line":116},"9":{"name":"(anonymous_9)","decl":{"start":{"line":128,"column":20},"end":{"line":128,"column":21}},"loc":{"start":{"line":128,"column":27},"end":{"line":130,"column":11}},"line":128}},"branchMap":{"0":{"loc":{"start":{"line":20,"column":4},"end":{"line":22,"column":5}},"type":"if","locations":[{"start":{"line":20,"column":4},"end":{"line":22,"column":5}},{"start":{"line":20,"column":4},"end":{"line":22,"column":5}}],"line":20},"1":{"loc":{"start":{"line":23,"column":4},"end":{"line":25,"column":5}},"type":"if","locations":[{"start":{"line":23,"column":4},"end":{"line":25,"column":5}},{"start":{"line":23,"column":4},"end":{"line":25,"column":5}}],"line":23},"2":{"loc":{"start":{"line":26,"column":4},"end":{"line":28,"column":5}},"type":"if","locations":[{"start":{"line":26,"column":4},"end":{"line":28,"column":5}},{"start":{"line":26,"column":4},"end":{"line":28,"column":5}}],"line":26},"3":{"loc":{"start":{"line":26,"column":8},"end":{"line":26,"column":72}},"type":"binary-expr","locations":[{"start":{"line":26,"column":8},"end":{"line":26,"column":38}},{"start":{"line":26,"column":42},"end":{"line":26,"column":72}}],"line":26},"4":{"loc":{"start":{"line":30,"column":4},"end":{"line":35,"column":5}},"type":"if","locations":[{"start":{"line":30,"column":4},"end":{"line":35,"column":5}},{"start":{"line":30,"column":4},"end":{"line":35,"column":5}}],"line":30},"5":{"loc":{"start":{"line":69,"column":10},"end":{"line":85,"column":11}},"type":"if","locations":[{"start":{"line":69,"column":10},"end":{"line":85,"column":11}},{"start":{"line":69,"column":10},"end":{"line":85,"column":11}}],"line":69}},"s":{"0":1,"1":0,"2":0,"3":0,"4":0,"5":0,"6":0,"7":0,"8":0,"9":0,"10":0,"11":0,"12":0,"13":0,"14":0,"15":0,"16":0,"17":0,"18":0,"19":0,"20":0,"21":0,"22":0,"23":0,"24":0,"25":0,"26":0,"27":0,"28":0,"29":0,"30":0,"31":0},"f":{"0":0,"1":0,"2":0,"3":0,"4":0,"5":0,"6":0,"7":0,"8":0,"9":0},"b":{"0":[0,0],"1":[0,0],"2":[0,0],"3":[0,0],"4":[0,0],"5":[0,0]},"_coverageSchema":"1a1c01bbd47fc00a2c39e90264f33305004495a9","hash":"d174ed1006f47bf461dcfd21778969a99573135a"}
,"/Users/susyqinqinyang/Desktop/Susy Study/hrnyc29/Bootcamp/week 8/tyche/client/components/QnAComponents/SearchBar.jsx": {"path":"/Users/susyqinqinyang/Desktop/Susy Study/hrnyc29/Bootcamp/week 8/tyche/client/components/QnAComponents/SearchBar.jsx","statementMap":{"0":{"start":{"line":4,"column":18},"end":{"line":12,"column":1}},"1":{"start":{"line":5,"column":2},"end":{"line":11,"column":4}},"2":{"start":{"line":9,"column":6},"end":{"line":9,"column":40}},"3":{"start":{"line":14,"column":0},"end":{"line":16,"column":2}}},"fnMap":{"0":{"name":"(anonymous_0)","decl":{"start":{"line":4,"column":18},"end":{"line":4,"column":19}},"loc":{"start":{"line":5,"column":2},"end":{"line":11,"column":4}},"line":5},"1":{"name":"(anonymous_1)","decl":{"start":{"line":8,"column":14},"end":{"line":8,"column":15}},"loc":{"start":{"line":8,"column":21},"end":{"line":10,"column":5}},"line":8}},"branchMap":{},"s":{"0":1,"1":0,"2":0,"3":1},"f":{"0":0,"1":0},"b":{},"_coverageSchema":"1a1c01bbd47fc00a2c39e90264f33305004495a9","hash":"f9c7d68c10de02a60de057cafa7129634da53061"}
,"/Users/susyqinqinyang/Desktop/Susy Study/hrnyc29/Bootcamp/week 8/tyche/client/components/RelatedItemsAndOutfit/CompareModal.jsx": {"path":"/Users/susyqinqinyang/Desktop/Susy Study/hrnyc29/Bootcamp/week 8/tyche/client/components/RelatedItemsAndOutfit/CompareModal.jsx","statementMap":{"0":{"start":{"line":3,"column":21},"end":{"line":88,"column":1}},"1":{"start":{"line":11,"column":50},"end":{"line":11,"column":62}},"2":{"start":{"line":13,"column":2},"end":{"line":17,"column":20}},"3":{"start":{"line":14,"column":4},"end":{"line":16,"column":5}},"4":{"start":{"line":15,"column":6},"end":{"line":15,"column":48}},"5":{"start":{"line":19,"column":26},"end":{"line":49,"column":3}},"6":{"start":{"line":20,"column":19},"end":{"line":20,"column":28}},"7":{"start":{"line":21,"column":18},"end":{"line":21,"column":20}},"8":{"start":{"line":22,"column":18},"end":{"line":22,"column":20}},"9":{"start":{"line":23,"column":4},"end":{"line":28,"column":5}},"10":{"start":{"line":24,"column":6},"end":{"line":27,"column":9}},"11":{"start":{"line":25,"column":8},"end":{"line":25,"column":42}},"12":{"start":{"line":26,"column":8},"end":{"line":26,"column":61}},"13":{"start":{"line":29,"column":4},"end":{"line":34,"column":5}},"14":{"start":{"line":30,"column":6},"end":{"line":33,"column":9}},"15":{"start":{"line":31,"column":8},"end":{"line":31,"column":42}},"16":{"start":{"line":32,"column":8},"end":{"line":32,"column":61}},"17":{"start":{"line":35,"column":29},"end":{"line":47,"column":6}},"18":{"start":{"line":36,"column":23},"end":{"line":36,"column":29}},"19":{"start":{"line":37,"column":23},"end":{"line":37,"column":29}},"20":{"start":{"line":38,"column":19},"end":{"line":38,"column":43}},"21":{"start":{"line":39,"column":19},"end":{"line":39,"column":43}},"22":{"start":{"line":40,"column":6},"end":{"line":42,"column":7}},"23":{"start":{"line":41,"column":8},"end":{"line":41,"column":41}},"24":{"start":{"line":43,"column":6},"end":{"line":45,"column":7}},"25":{"start":{"line":44,"column":8},"end":{"line":44,"column":41}},"26":{"start":{"line":46,"column":6},"end":{"line":46,"column":49}},"27":{"start":{"line":48,"column":4},"end":{"line":48,"column":44}},"28":{"start":{"line":51,"column":2},"end":{"line":87,"column":4}},"29":{"start":{"line":57,"column":51},"end":{"line":57,"column":63}},"30":{"start":{"line":71,"column":16},"end":{"line":77,"column":18}}},"fnMap":{"0":{"name":"(anonymous_0)","decl":{"start":{"line":3,"column":21},"end":{"line":3,"column":22}},"loc":{"start":{"line":8,"column":6},"end":{"line":88,"column":1}},"line":8},"1":{"name":"(anonymous_1)","decl":{"start":{"line":13,"column":12},"end":{"line":13,"column":13}},"loc":{"start":{"line":13,"column":18},"end":{"line":17,"column":3}},"line":13},"2":{"name":"(anonymous_2)","decl":{"start":{"line":19,"column":26},"end":{"line":19,"column":27}},"loc":{"start":{"line":19,"column":56},"end":{"line":49,"column":3}},"line":19},"3":{"name":"(anonymous_3)","decl":{"start":{"line":24,"column":35},"end":{"line":24,"column":36}},"loc":{"start":{"line":24,"column":52},"end":{"line":27,"column":7}},"line":24},"4":{"name":"(anonymous_4)","decl":{"start":{"line":30,"column":38},"end":{"line":30,"column":39}},"loc":{"start":{"line":30,"column":55},"end":{"line":33,"column":7}},"line":30},"5":{"name":"(anonymous_5)","decl":{"start":{"line":35,"column":54},"end":{"line":35,"column":55}},"loc":{"start":{"line":35,"column":67},"end":{"line":47,"column":5}},"line":35},"6":{"name":"(anonymous_6)","decl":{"start":{"line":57,"column":45},"end":{"line":57,"column":46}},"loc":{"start":{"line":57,"column":51},"end":{"line":57,"column":63}},"line":57},"7":{"name":"(anonymous_7)","decl":{"start":{"line":70,"column":36},"end":{"line":70,"column":37}},"loc":{"start":{"line":70,"column":52},"end":{"line":78,"column":15}},"line":70}},"branchMap":{"0":{"loc":{"start":{"line":14,"column":4},"end":{"line":16,"column":5}},"type":"if","locations":[{"start":{"line":14,"column":4},"end":{"line":16,"column":5}},{"start":{"line":14,"column":4},"end":{"line":16,"column":5}}],"line":14},"1":{"loc":{"start":{"line":23,"column":4},"end":{"line":28,"column":5}},"type":"if","locations":[{"start":{"line":23,"column":4},"end":{"line":28,"column":5}},{"start":{"line":23,"column":4},"end":{"line":28,"column":5}}],"line":23},"2":{"loc":{"start":{"line":29,"column":4},"end":{"line":34,"column":5}},"type":"if","locations":[{"start":{"line":29,"column":4},"end":{"line":34,"column":5}},{"start":{"line":29,"column":4},"end":{"line":34,"column":5}}],"line":29},"3":{"loc":{"start":{"line":40,"column":6},"end":{"line":42,"column":7}},"type":"if","locations":[{"start":{"line":40,"column":6},"end":{"line":42,"column":7}},{"start":{"line":40,"column":6},"end":{"line":42,"column":7}}],"line":40},"4":{"loc":{"start":{"line":43,"column":6},"end":{"line":45,"column":7}},"type":"if","locations":[{"start":{"line":43,"column":6},"end":{"line":45,"column":7}},{"start":{"line":43,"column":6},"end":{"line":45,"column":7}}],"line":43},"5":{"loc":{"start":{"line":53,"column":7},"end":{"line":85,"column":7}},"type":"cond-expr","locations":[{"start":{"line":54,"column":8},"end":{"line":82,"column":14}},{"start":{"line":84,"column":8},"end":{"line":84,"column":10}}],"line":53},"6":{"loc":{"start":{"line":73,"column":50},"end":{"line":73,"column":117}},"type":"cond-expr","locations":[{"start":{"line":73,"column":72},"end":{"line":73,"column":75}},{"start":{"line":73,"column":79},"end":{"line":73,"column":116}}],"line":73},"7":{"loc":{"start":{"line":73,"column":79},"end":{"line":73,"column":116}},"type":"cond-expr","locations":[{"start":{"line":73,"column":100},"end":{"line":73,"column":103}},{"start":{"line":73,"column":106},"end":{"line":73,"column":116}}],"line":73},"8":{"loc":{"start":{"line":75,"column":50},"end":{"line":75,"column":117}},"type":"cond-expr","locations":[{"start":{"line":75,"column":72},"end":{"line":75,"column":75}},{"start":{"line":75,"column":79},"end":{"line":75,"column":116}}],"line":75},"9":{"loc":{"start":{"line":75,"column":79},"end":{"line":75,"column":116}},"type":"cond-expr","locations":[{"start":{"line":75,"column":100},"end":{"line":75,"column":103}},{"start":{"line":75,"column":106},"end":{"line":75,"column":116}}],"line":75}},"s":{"0":1,"1":2,"2":2,"3":1,"4":0,"5":2,"6":0,"7":0,"8":0,"9":0,"10":0,"11":0,"12":0,"13":0,"14":0,"15":0,"16":0,"17":0,"18":0,"19":0,"20":0,"21":0,"22":0,"23":0,"24":0,"25":0,"26":0,"27":0,"28":2,"29":0,"30":0},"f":{"0":2,"1":1,"2":0,"3":0,"4":0,"5":0,"6":0,"7":0},"b":{"0":[0,1],"1":[0,0],"2":[0,0],"3":[0,0],"4":[0,0],"5":[0,2],"6":[0,0],"7":[0,0],"8":[0,0],"9":[0,0]},"_coverageSchema":"1a1c01bbd47fc00a2c39e90264f33305004495a9","hash":"759cd5293f8a78a699f62241752a8d357868035a"}
,"/Users/susyqinqinyang/Desktop/Susy Study/hrnyc29/Bootcamp/week 8/tyche/client/components/RelatedItemsAndOutfit/Outfit.jsx": {"path":"/Users/susyqinqinyang/Desktop/Susy Study/hrnyc29/Bootcamp/week 8/tyche/client/components/RelatedItemsAndOutfit/Outfit.jsx","statementMap":{"0":{"start":{"line":6,"column":15},"end":{"line":75,"column":1}},"1":{"start":{"line":7,"column":18},"end":{"line":28,"column":3}},"2":{"start":{"line":29,"column":58},"end":{"line":29,"column":77}},"3":{"start":{"line":31,"column":2},"end":{"line":37,"column":20}},"4":{"start":{"line":32,"column":4},"end":{"line":36,"column":5}},"5":{"start":{"line":33,"column":6},"end":{"line":33,"column":49}},"6":{"start":{"line":35,"column":6},"end":{"line":35,"column":41}},"7":{"start":{"line":39,"column":40},"end":{"line":62,"column":3}},"8":{"start":{"line":40,"column":4},"end":{"line":61,"column":7}},"9":{"start":{"line":42,"column":25},"end":{"line":42,"column":62}},"10":{"start":{"line":43,"column":25},"end":{"line":43,"column":69}},"11":{"start":{"line":44,"column":26},"end":{"line":44,"column":67}},"12":{"start":{"line":46,"column":28},"end":{"line":46,"column":47}},"13":{"start":{"line":47,"column":29},"end":{"line":47,"column":48}},"14":{"start":{"line":48,"column":30},"end":{"line":48,"column":50}},"15":{"start":{"line":50,"column":8},"end":{"line":57,"column":10}},"16":{"start":{"line":52,"column":33},"end":{"line":52,"column":50}},"17":{"start":{"line":53,"column":34},"end":{"line":53,"column":51}},"18":{"start":{"line":54,"column":35},"end":{"line":54,"column":78}},"19":{"start":{"line":55,"column":12},"end":{"line":55,"column":65}},"20":{"start":{"line":60,"column":6},"end":{"line":60,"column":66}},"21":{"start":{"line":64,"column":2},"end":{"line":74,"column":4}}},"fnMap":{"0":{"name":"(anonymous_0)","decl":{"start":{"line":6,"column":15},"end":{"line":6,"column":16}},"loc":{"start":{"line":6,"column":69},"end":{"line":75,"column":1}},"line":6},"1":{"name":"(anonymous_1)","decl":{"start":{"line":31,"column":12},"end":{"line":31,"column":13}},"loc":{"start":{"line":31,"column":18},"end":{"line":37,"column":3}},"line":31},"2":{"name":"(anonymous_2)","decl":{"start":{"line":39,"column":40},"end":{"line":39,"column":41}},"loc":{"start":{"line":39,"column":57},"end":{"line":62,"column":3}},"line":39},"3":{"name":"(anonymous_3)","decl":{"start":{"line":41,"column":22},"end":{"line":41,"column":23}},"loc":{"start":{"line":41,"column":30},"end":{"line":58,"column":7}},"line":41},"4":{"name":"(anonymous_4)","decl":{"start":{"line":51,"column":23},"end":{"line":51,"column":24}},"loc":{"start":{"line":51,"column":41},"end":{"line":56,"column":11}},"line":51},"5":{"name":"(anonymous_5)","decl":{"start":{"line":59,"column":11},"end":{"line":59,"column":12}},"loc":{"start":{"line":59,"column":33},"end":{"line":61,"column":5}},"line":59}},"branchMap":{"0":{"loc":{"start":{"line":32,"column":4},"end":{"line":36,"column":5}},"type":"if","locations":[{"start":{"line":32,"column":4},"end":{"line":36,"column":5}},{"start":{"line":32,"column":4},"end":{"line":36,"column":5}}],"line":32}},"s":{"0":1,"1":1,"2":1,"3":1,"4":1,"5":1,"6":0,"7":1,"8":1,"9":1,"10":1,"11":1,"12":1,"13":1,"14":1,"15":1,"16":0,"17":0,"18":0,"19":0,"20":0,"21":1},"f":{"0":1,"1":1,"2":1,"3":1,"4":0,"5":0},"b":{"0":[1,0]},"_coverageSchema":"1a1c01bbd47fc00a2c39e90264f33305004495a9","hash":"b5ee2725b10aca688357e139e71162a3944d0ea6"}
,"/Users/susyqinqinyang/Desktop/Susy Study/hrnyc29/Bootcamp/week 8/tyche/client/components/RelatedItemsAndOutfit/OutfitEntry.jsx": {"path":"/Users/susyqinqinyang/Desktop/Susy Study/hrnyc29/Bootcamp/week 8/tyche/client/components/RelatedItemsAndOutfit/OutfitEntry.jsx","statementMap":{"0":{"start":{"line":7,"column":20},"end":{"line":170,"column":1}},"1":{"start":{"line":13,"column":17},"end":{"line":33,"column":3}},"2":{"start":{"line":34,"column":38},"end":{"line":34,"column":50}},"3":{"start":{"line":36,"column":2},"end":{"line":38,"column":23}},"4":{"start":{"line":37,"column":4},"end":{"line":37,"column":34}},"5":{"start":{"line":40,"column":2},"end":{"line":42,"column":29}},"6":{"start":{"line":41,"column":4},"end":{"line":41,"column":34}},"7":{"start":{"line":44,"column":23},"end":{"line":60,"column":3}},"8":{"start":{"line":45,"column":21},"end":{"line":45,"column":23}},"9":{"start":{"line":46,"column":16},"end":{"line":46,"column":17}},"10":{"start":{"line":47,"column":29},"end":{"line":47,"column":31}},"11":{"start":{"line":48,"column":4},"end":{"line":54,"column":5}},"12":{"start":{"line":49,"column":6},"end":{"line":49,"column":75}},"13":{"start":{"line":50,"column":11},"end":{"line":54,"column":5}},"14":{"start":{"line":51,"column":6},"end":{"line":51,"column":65}},"15":{"start":{"line":53,"column":6},"end":{"line":53,"column":48}},"16":{"start":{"line":55,"column":4},"end":{"line":58,"column":5}},"17":{"start":{"line":55,"column":17},"end":{"line":55,"column":18}},"18":{"start":{"line":56,"column":6},"end":{"line":56,"column":62}},"19":{"start":{"line":57,"column":6},"end":{"line":57,"column":17}},"20":{"start":{"line":59,"column":4},"end":{"line":59,"column":22}},"21":{"start":{"line":62,"column":28},"end":{"line":62,"column":39}},"22":{"start":{"line":64,"column":23},"end":{"line":66,"column":3}},"23":{"start":{"line":65,"column":4},"end":{"line":65,"column":28}},"24":{"start":{"line":68,"column":2},"end":{"line":169,"column":4}},"25":{"start":{"line":79,"column":8},"end":{"line":166,"column":10}},"26":{"start":{"line":83,"column":16},"end":{"line":162,"column":18}},"27":{"start":{"line":89,"column":26},"end":{"line":89,"column":74}},"28":{"start":{"line":112,"column":28},"end":{"line":112,"column":73}},"29":{"start":{"line":113,"column":28},"end":{"line":113,"column":65}}},"fnMap":{"0":{"name":"(anonymous_0)","decl":{"start":{"line":7,"column":20},"end":{"line":7,"column":21}},"loc":{"start":{"line":12,"column":6},"end":{"line":170,"column":1}},"line":12},"1":{"name":"(anonymous_1)","decl":{"start":{"line":36,"column":12},"end":{"line":36,"column":13}},"loc":{"start":{"line":36,"column":18},"end":{"line":38,"column":3}},"line":36},"2":{"name":"(anonymous_2)","decl":{"start":{"line":40,"column":12},"end":{"line":40,"column":13}},"loc":{"start":{"line":40,"column":18},"end":{"line":42,"column":3}},"line":40},"3":{"name":"(anonymous_3)","decl":{"start":{"line":44,"column":23},"end":{"line":44,"column":24}},"loc":{"start":{"line":44,"column":29},"end":{"line":60,"column":3}},"line":44},"4":{"name":"(anonymous_4)","decl":{"start":{"line":64,"column":23},"end":{"line":64,"column":24}},"loc":{"start":{"line":64,"column":45},"end":{"line":66,"column":3}},"line":64},"5":{"name":"(anonymous_5)","decl":{"start":{"line":78,"column":22},"end":{"line":78,"column":23}},"loc":{"start":{"line":78,"column":36},"end":{"line":167,"column":7}},"line":78},"6":{"name":"(anonymous_6)","decl":{"start":{"line":82,"column":25},"end":{"line":82,"column":26}},"loc":{"start":{"line":82,"column":42},"end":{"line":163,"column":15}},"line":82},"7":{
[...]
,"/Users/susyqinqinyang/Desktop/Susy Study/hrnyc29/Bootcamp/week 8/tyche/client/containers/OverviewContainers/ButtonsContainer.js": {"path":"/Users/susyqinqinyang/Desktop/Susy Study/hrnyc29/Bootcamp/week 8/tyche/client/containers/OverviewContainers/ButtonsContainer.js","statementMap":{"0":{"start":{"line":5,"column":24},"end":{"line":10,"column":1}},"1":{"start":{"line":6,"column":2},"end":{"line":9,"column":4}}},"fnMap":{"0":{"name":"(anonymous_0)","decl":{"start":{"line":5,"column":24},"end":{"line":5,"column":25}},"loc":{"start":{"line":5,"column":35},"end":{"line":10,"column":1}},"line":5}},"branchMap":{},"s":{"0":1,"1":0},"f":{"0":0},"b":{},"_coverageSchema":"1a1c01bbd47fc00a2c39e90264f33305004495a9","hash":"11a86d0d3d7610cda8fba9d474ce3cc92f9f1761"}
,"/Users/susyqinqinyang/Desktop/Susy Study/hrnyc29/Bootcamp/week 8/tyche/client/containers/OverviewContainers/CarouselContainer.js": {"path":"/Users/susyqinqinyang/Desktop/Susy Study/hrnyc29/Bootcamp/week 8/tyche/client/containers/OverviewContainers/CarouselContainer.js","statementMap":{"0":{"start":{"line":4,"column":24},"end":{"line":6,"column":1}},"1":{"start":{"line":5,"column":2},"end":{"line":5,"column":44}}},"fnMap":{"0":{"name":"(anonymous_0)","decl":{"start":{"line":4,"column":24},"end":{"line":4,"column":25}},"loc":{"start":{"line":4,"column":35},"end":{"line":6,"column":1}},"line":4}},"branchMap":{},"s":{"0":1,"1":1},"f":{"0":1},"b":{},"_coverageSchema":"1a1c01bbd47fc00a2c39e90264f33305004495a9","hash":"cde5f7c783ee1a6e2f0cb1c17f266031cbff24e6"}
,"/Users/susyqinqinyang/Desktop/Susy Study/hrnyc29/Bootcamp/week 8/tyche/client/containers/OverviewContainers/OverviewContainer.js": {"path":"/Users/susyqinqinyang/Desktop/Susy Study/hrnyc29/Bootcamp/week 8/tyche/client/containers/OverviewContainers/OverviewContainer.js","statementMap":{"0":{"start":{"line":4,"column":24},"end":{"line":6,"column":1}},"1":{"start":{"line":5,"column":2},"end":{"line":5,"column":44}}},"fnMap":{"0":{"name":"(anonymous_0)","decl":{"start":{"line":4,"column":24},"end":{"line":4,"column":25}},"loc":{"start":{"line":4,"column":35},"end":{"line":6,"column":1}},"line":4}},"branchMap":{},"s":{"0":1,"1":0},"f":{"0":0},"b":{},"_coverageSchema":"1a1c01bbd47fc00a2c39e90264f33305004495a9","hash":"9da7dd1a68edec728d414953637ee6b05817b72b"}
,"/Users/susyqinqinyang/Desktop/Susy Study/hrnyc29/Bootcamp/week 8/tyche/client/containers/OverviewContainers/ReviewsContainer.js": {"path":"/Users/susyqinqinyang/Desktop/Susy Study/hrnyc29/Bootcamp/week 8/tyche/client/containers/OverviewContainers/ReviewsContainer.js","statementMap":{"0":{"start":{"line":4,"column":24},"end":{"line":9,"column":1}},"1":{"start":{"line":5,"column":2},"end":{"line":8,"column":4}}},"fnMap":{"0":{"name":"(anonymous_0)","decl":{"start":{"line":4,"column":24},"end":{"line":4,"column":25}},"loc":{"start":{"line":4,"column":35},"end":{"line":9,"column":1}},"line":4}},"branchMap":{},"s":{"0":1,"1":0},"f":{"0":0},"b":{},"_coverageSchema":"1a1c01bbd47fc00a2c39e90264f33305004495a9","hash":"ef579e8bba622fcbd337f7f3baf838d4f51e4969"}
,"/Users/susyqinqinyang/Desktop/Susy Study/hrnyc29/Bootcamp/week 8/tyche/client/containers/OverviewContainers/productDescriptionContainer.js": {"path":"/Users/susyqinqinyang/Desktop/Susy Study/hrnyc29/Bootcamp/week 8/tyche/client/containers/OverviewContainers/productDescriptionContainer.js","statementMap":{"0":{"start":{"line":4,"column":24},"end":{"line":6,"column":1}},"1":{"start":{"line":5,"column":2},"end":{"line":5,"column":44}}},"fnMap":{"0":{"name":"(anonymous_0)","decl":{"start":{"line":4,"column":24},"end":{"line":4,"column":25}},"loc":{"start":{"line":4,"column":35},"end":{"line":6,"column":1}},"line":4}},"branchMap":{},"s":{"0":1,"1":1},"f":{"0":1},"b":{},"_coverageSchema":"1a1c01bbd47fc00a2c39e90264f33305004495a9","hash":"f7209f8715da52e108f65b79957a0cd5ac6664ad"}
,"/Users/susyqinqinyang/Desktop/Susy Study/hrnyc29/Bootcamp/week 8/tyche/client/containers/QnAContainers/AnswerModalContainer.js": {"path":"/Users/susyqinqinyang/Desktop/Susy Study/hrnyc29/Bootcamp/week 8/tyche/client/containers/QnAContainers/AnswerModalContainer.js","statementMap":{"0":{"start":{"line":4,"column":24},"end":{"line":6,"column":1}},"1":{"start":{"line":5,"column":2},"end":{"line":5,"column":80}}},"fnMap":{"0":{"name":"(anonymous_0)","decl":{"start":{"line":4,"column":24},"end":{"line":4,"column":25}},"loc":{"start":{"line":4,"column":35},"end":{"line":6,"column":1}},"line":4}},"branchMap":{},"s":{"0":1,"1":0},"f":{"0":0},"b":{},"_coverageSchema":"1a1c01bbd47fc00a2c39e90264f33305004495a9","hash":"2d424ecdedda6b57c17f620a5a3110aabd15aacd"}
,"/Users/susyqinqinyang/Desktop/Susy Study/hrnyc29/Bootcamp/week 8/tyche/client/containers/QnAContainers/QnABlockContainer.js": {"path":"/Users/susyqinqinyang/Desktop/Susy Study/hrnyc29/Bootcamp/week 8/tyche/client/containers/QnAContainers/QnABlockContainer.js","statementMap":{"0":{"start":{"line":3,"column":24},"end":{"line":5,"column":1}},"1":{"start":{"line":4,"column":2},"end":{"line":4,"column":44}}},"fnMap":{"0":{"name":"(anonymous_0)","decl":{"start":{"line":3,"column":24},"end":{"line":3,"column":25}},"loc":{"start":{"line":3,"column":35},"end":{"line":5,"column":1}},"line":3}},"branchMap":{},"s":{"0":1,"1":0},"f":{"0":0},"b":{},"_coverageSchema":"1a1c01bbd47fc00a2c39e90264f33305004495a9","hash":"c47de4ed3b084c8ce2fe8cb94509048eee9f5f15"}
,"/Users/susyqinqinyang/Desktop/Susy Study/hrnyc29/Bootcamp/week 8/tyche/client/containers/QnAContainers/QnAContainer.js": {"path":"/Users/susyqinqinyang/Desktop/Susy Study/hrnyc29/Bootcamp/week 8/tyche/client/containers/QnAContainers/QnAContainer.js","statementMap":{"0":{"start":{"line":4,"column":24},"end":{"line":6,"column":1}},"1":{"start":{"line":5,"column":2},"end":{"line":5,"column":80}}},"fnMap":{"0":{"name":"(anonymous_0)","decl":{"start":{"line":4,"column":24},"end":{"line":4,"column":25}},"loc":{"start":{"line":4,"column":35},"end":{"line":6,"column":1}},"line":4}},"branchMap":{},"s":{"0":1,"1":1},"f":{"0":1},"b":{},"_coverageSchema":"1a1c01bbd47fc00a2c39e90264f33305004495a9","hash":"df5e4dff118d962ffbaa97c1ca905185c897bb3e"}
,"/Users/susyqinqinyang/Desktop/Susy Study/hrnyc29/Bootcamp/week 8/tyche/client/containers/QnAContainers/QuestionModalContainer.js": {"path":"/Users/susyqinqinyang/Desktop/Susy Study/hrnyc29/Bootcamp/week 8/tyche/client/containers/QnAContainers/QuestionModalContainer.js","statementMap":{"0":{"start":{"line":4,"column":24},"end":{"line":6,"column":1}},"1":{"start":{"line":5,"column":2},"end":{"line":5,"column":80}}},"fnMap":{"0":{"name":"(anonymous_0)","decl":{"start":{"line":4,"column":24},"end":{"line":4,"column":25}},"loc":{"start":{"line":4,"column":35},"end":{"line":6,"column":1}},"line":4}},"branchMap":{},"s":{"0":1,"1":0},"f":{"0":0},"b":{},"_coverageSchema":"1a1c01bbd47fc00a2c39e90264f33305004495a9","hash":"ac7c702f9e2d0fccfd1010881a7730e67cc0f576"}
,"/Users/susyqinqinyang/Desktop/Susy Study/hrnyc29/Bootcamp/week 8/tyche/client/containers/RelatedItemsAndOutfitContainers/OutfitContainer.js": {"path":"/Users/susyqinqinyang/Desktop/Susy Study/hrnyc29/Bootcamp/week 8/tyche/client/containers/RelatedItemsAndOutfitContainers/OutfitContainer.js","statementMap":{"0":{"start":{"line":5,"column":24},"end":{"line":11,"column":1}},"1":{"start":{"line":6,"column":2},"end":{"line":10,"column":4}}},"fnMap":{"0":{"name":"(anonymous_0)","decl":{"start":{"line":5,"column":24},"end":{"line":5,"column":25}},"loc":{"start":{"line":5,"column":35},"end":{"line":11,"column":1}},"line":5}},"branchMap":{},"s":{"0":1,"1":2},"f":{"0":2},"b":{},"_coverageSchema":"1a1c01bbd47fc00a2c39e90264f33305004495a9","hash":"b4cb76c658380162ec312e3903ee733e37df0672"}
,"/Users/susyqinqinyang/Desktop/Susy Study/hrnyc29/Bootcamp/week 8/tyche/client/containers/RelatedItemsAndOutfitContainers/RelatedItemsContainer.js": {"path":"/Users/susyqinqinyang/Desktop/Susy Study/hrnyc29/Bootcamp/week 8/tyche/client/containers/RelatedItemsAndOutfitContainers/RelatedItemsContainer.js","statementMap":{"0":{"start":{"line":4,"column":24},"end":{"line":9,"column":1}},"1":{"start":{"line":5,"column":2},"end":{"line":8,"column":4}}},"fnMap":{"0":{"name":"(anonymous_0)","decl":{"start":{"line":4,"column":24},"end":{"line":4,"column":25}},"loc":{"start":{"line":4,"column":35},"end":{"line":9,"column":1}},"line":4}},"branchMap":{},"s":{"0":1,"1":3},"f":{"0":3},"b":{},"_coverageSchema":"1a1c01bbd47fc00a2c39e90264f33305004495a9","hash":"6044d0a418881aeec0a94ca618832f8130b4ed2b"}
,"/Users/susyqinqinyang/Desktop/Susy Study/hrnyc29/Bootcamp/week 8/tyche/client/reducers/index.js": {"path":"/Users/susyqinqinyang/Desktop/Susy Study/hrnyc29/Bootcamp/week 8/tyche/client/reducers/index.js","statementMap":{},"fnMap":{},"branchMap":{},"s":{},"f":{},"b":{},"_coverageSchema":"1a1c01bbd47fc00a2c39e90264f33305004495a9","hash":"b9beb96840ee270ee6c7c080a3d536ba0c1f6897"}
,"/Users/susyqinqinyang/Desktop/Susy Study/hrnyc29/Bootcamp/week 8/tyche/client/reducers/productByIdReducer.js": {"path":"/Users/susyqinqinyang/Desktop/Susy Study/hrnyc29/Bootcamp/week 8/tyche/client/reducers/productByIdReducer.js","statementMap":{"0":{"start":{"line":2,"column":2},"end":{"line":4,"column":3}},"1":{"start":{"line":3,"column":4},"end":{"line":3,"column":26}},"2":{"start":{"line":5,"column":2},"end":{"line":5,"column":15}}},"fnMap":{"0":{"name":"(anonymous_0)","decl":{"start":{"line":1,"column":15},"end":{"line":1,"column":16}},"loc":{"start":{"line":1,"column":39},"end":{"line":6,"column":1}},"line":1}},"branchMap":{"0":{"loc":{"start":{"line":1,"column":16},"end":{"line":1,"column":26}},"type":"default-arg","locations":[{"start":{"line":1,"column":24},"end":{"line":1,"column":26}}],"line":1},"1":{"loc":{"start":{"line":2,"column":2},"end":{"line":4,"column":3}},"type":"if","locations":[{"start":{"line":2,"column":2},"end":{"line":4,"column":3}},{"start":{"line":2,"column":2},"end":{"line":4,"column":3}}],"line":2}},"s":{"0":3,"1":0,"2":3},"f":{"0":3},"b":{"0":[3],"1":[0,3]},"_coverageSchema":"1a1c01bbd47fc00a2c39e90264f33305004495a9","hash":"f7370c40a61be585e2146d504321cf46412f2856"}
,"/Users/susyqinqinyang/Desktop/Susy Study/hrnyc29/Bootcamp/week 8/tyche/client/reducers/productListReducer.js": {"path":"/Users/susyqinqinyang/Desktop/Susy Study/hrnyc29/Bootcamp/week 8/tyche/client/reducers/productListReducer.js","statementMap":{"0":{"start":{"line":2,"column":2},"end":{"line":4,"column":3}},"1":{"start":{"line":3,"column":4},"end":{"line":3,"column":26}},"2":{"start":{"line":5,"column":2},"end":{"line":5,"column":15}}},"fnMap":{"0":{"name":"(anonymous_0)","decl":{"start":{"line":1,"column":15},"end":{"line":1,"column":16}},"loc":{"start":{"line":1,"column":39},"end":{"line":6,"column":1}},"line":1}},"branchMap":{"0":{"loc":{"start":{"line":1,"column":16},"end":{"line":1,"column":26}},"type":"default-arg","locations":[{"start":{"line":1,"column":24},"end":{"line":1,"column":26}}],"line":1},"1":{"loc":{"start":{"line":2,"column":2},"end":{"line":4,"column":3}},"type":"if","locations":[{"start":{"line":2,"column":2},"end":{"line":4,"column":3}},{"start":{"line":2,"column":2},"end":{"line":4,"column":3}}],"line":2}},"s":{"0":3,"1":0,"2":3},"f":{"0":3},"b":{"0":[3],"1":[0,3]},"_coverageSchema":"1a1c01bbd47fc00a2c39e90264f33305004495a9","hash":"4b120b29241803b8fb64a8f8837c81e02ce0c57d"}
,"/Users/susyqinqinyang/Desktop/Susy Study/hrnyc29/Bootcamp/week 8/tyche/client/reducers/QnAReducers/questionsByIdReducer.js": {"path":"/Users/susyqinqinyang/Desktop/Susy Study/hrnyc29/Bootcamp/week 8/tyche/client/reducers/QnAReducers/questionsByIdReducer.js","statementMap":{"0":{"start":{"line":2,"column":2},"end":{"line":4,"column":3}},"1":{"start":{"line":3,"column":4},"end":{"line":3,"column":26}},"2":{"start":{"line":5,"column":2},"end":{"line":5,"column":15}}},"fnMap":{"0":{"name":"(anonymous_0)","decl":{"start":{"line":1,"column":15},"end":{"line":1,"column":16}},"loc":{"start":{"line":1,"column":39},"end":{"line":6,"column":1}},"line":1}},"branchMap":{"0":{"loc":{"start":{"line":1,"column":16},"end":{"line":1,"column":26}},"type":"default-arg","locations":[{"start":{"line":1,"column":24},"end":{"line":1,"column":26}}],"line":1},"1":{"loc":{"start":{"line":2,"column":2},"end":{"line":4,"column":3}},"type":"if","locations":[{"start":{"line":2,"column":2},"end":{"line":4,"column":3}},{"start":{"line":2,"column":2},"end":{"line":4,"column":3}}],"line":2}},"s":{"0":3,"1":0,"2":3},"f":{"0":3},"b":{"0":[3],"1":[0,3]},"_coverageSchema":"1a1c01bbd47fc00a2c39e90264f33305004495a9","hash":"a9dd033f72d178f5db5f202ba09048dc3682c184"}
,"/Users/susyqinqinyang/Desktop/Susy Study/hrnyc29/Bootcamp/week 8/tyche/client/reducers/RelatedItemsAndOutfitReducers/RelatedItemsAndOutfitReducer.js": {"path":"/Users/susyqinqinyang/Desktop/Susy Study/hrnyc29/Bootcamp/week 8/tyche/client/reducers/RelatedItemsAndOutfitReducers/RelatedItemsAndOutfitReducer.js","statementMap":{"0":{"start":{"line":2,"column":26},"end":{"line":2,"column":77}},"1":{"start":{"line":3,"column":2},"end":{"line":9,"column":3}},"2":{"start":{"line":4,"column":17},"end":{"line":4,"column":57}},"3":{"start":{"line":5,"column":4},"end":{"line":8,"column":5}},"4":{"start":{"line":6,"column":6},"end":{"line":6,"column":97}},"5":{"start":{"line":7,"column":6},"end":{"line":7,"column":59}},"6":{"start":{"line":10,"column":2},"end":{"line":20,"column":3}},"7":{"start":{"line":11,"column":17},"end":{"line":11,"column":57}},"8":{"start":{"line":13,"column":4},"end":{"line":15,"column":5}},"9":{"start":{"line":14,"column":8},"end":{"line":14,"column":40}},"10":{"start":{"line":18,"column":4},"end":{"line":18,"column":71}},"11":{"start":{"line":19,"column":4},"end":{"line":19,"column":57}},"12":{"start":{"line":21,"column":2},"end":{"line":21,"column":15}}},"fnMap":{"0":{"name":"(anonymous_0)","decl":{"start":{"line":1,"column":15},"end":{"line":1,"column":16}},"loc":{"start":{"line":1,"column":90},"end":{"line":22,"column":1}},"line":1}},"branchMap":{"0":{"loc":{"start":{"line":1,"column":16},"end":{"line":1,"column":77}},"type":"default-arg","locations":[{"start":{"line":1,"column":26},"end":{"line":1,"column":77}}],"line":1},"1":{"loc":{"start":{"line":1,"column":26},"end":{"line":1,"column":77}},"type":"binary-expr","locations":[{"start":{"line":1,"column":26},"end":{"line":1,"column":71}},{"start":{"line":1,"column":75},"end":{"line":1,"column":77}}],"line":1},"2":{"loc":{"start":{"line":2,"column":26},"end":{"line":2,"column":77}},"type":"binary-expr","locations":[{"start":{"line":2,"column":26},"end":{"line":2,"column":71}},{"start":{"line":2,"column":75},"end":{"line":2,"column":77}}],"line":2},"3":{"loc":{"start":{"line":3,"column":2},"end":{"line":9,"column":3}},"type":"if","locations":[{"start":{"line":3,"column":2},"end":{"line":9,"column":3}},{"start":{"line":3,"column":2},"end":{"line":9,"column":3}}],"line":3},"4":{"loc":{"start":{"line":5,"column":4},"end":{"line":8,"column":5}},"type":"if","locations":[{"start":{"line":5,"column":4},"end":{"line":8,"column":5}},{"start":{"line":5,"column":4},"end":{"line":8,"column":5}}],"line":5},"5":{"loc":{"start":{"line":10,"column":2},"end":{"line":20,"column":3}},"type":"if","locations":[{"start":{"line":10,"column":2},"end":{"line":20,"column":3}},{"start":{"line":10,"column":2},"end":{"line":20,"column":3}}],"line":10},"6":{"loc":{"start":{"line":13,"column":4},"end":{"line":15,"column":5}},"type":"if","locations":[{"start":{"line":13,"column":4},"end":{"line":15,"column":5}},{"start":{"line":13,"column":4},"end":{"line":15,"column":5}}],"line":13}},"s":{"0":3,"1":3,"2":0,"3":0,"4":0,"5":0,"6":3,"7":0,"8":0,"9":0,"10":0,"11":0,"12":3},"f":{"0":3},"b":{"0":[3],"1":[3,3],"2":[3,3],"3":[0,3],"4":[0,0],"5":[0,3],"6":[0,0]},"_coverageSchema":"1a1c01bbd47fc00a2c39e90264f33305004495a9","hash":"30bb8a31a0eee45a5f429d469c25c7eaa7653af8"}
,"/Users/susyqinqinyang/Desktop/Susy Study/hrnyc29/Bootcamp/week 8/tyche/client/reducers/ReviewComponentReducers/reviewDataReducer.js": {"path":"/Users/susyqinqinyang/Desktop/Susy Study/hrnyc29/Bootcamp/week 8/tyche/client/reducers/ReviewComponentReducers/reviewDataReducer.js","statementMap":{"0":{"start":{"line":2,"column":2},"end":{"line":4,"column":3}},"1":{"start":{"line":3,"column":4},"end":{"line":3,"column":26}},"2":{"start":{"line":5,"column":2},"end":{"line":5,"column":15}}},"fnMap":{"0":{"name":"(anonymous_0)","decl":{"start":{"line":1,"column":15},"end":{"line":1,"column":16}},"loc":{"start":{"line":1,"column":39},"end":{"line":6,"column":1}},"line":1}},"branchMap":{"0":{"loc":{"start":{"line":1,"column":16},"end":{"line":1,"column":26}},"type":"default-arg","locations":[{"start":{"line":1,"column":24},"end":{"line":1,"column":26}}],"line":1},"1":{"loc":{"start":{"line":2,"column":2},"end":{"line":4,"column":3}},"type":"if","locations":[{"start":{"line":2,"column":2},"end":{"line":4,"column":3}},{"start":{"line":2,"column":2},"end":{"line":4,"column":3}}],"line":2}},"s":{"0":3,"1":0,"2":3},"f":{"0":3},"b":{"0":[3],"1":[0,3]},"_coverageSchema":"1a1c01bbd47fc00a2c39e90264f33305004495a9","hash":"fca5480e4fc78ca14437ae8e7c5f2072173be05d"}
,"/Users/susyqinqinyang/Desktop/Susy Study/hrnyc29/Bootcamp/week 8/tyche/client/reducers/ReviewComponentReducers/reviewMetaDataReducer.js": {"path":"/Users/susyqinqinyang/Desktop/Susy Study/hrnyc29/Bootcamp/week 8/tyche/client/reducers/ReviewComponentReducers/reviewMetaDataReducer.js","statementMap":{"0":{"start":{"line":2,"column":2},"end":{"line":4,"column":3}},"1":{"start":{"line":3,"column":4},"end":{"line":3,"column":26}},"2":{"start":{"line":5,"column":2},"end":{"line":5,"column":15}}},"fnMap":{"0":{"name":"(anonymous_0)","decl":{"start":{"line":1,"column":15},"end":{"line":1,"column":16}},"loc":{"start":{"line":1,"column":39},"end":{"line":6,"column":1}},"line":1}},"branchMap":{"0":{"loc":{"start":{"line":1,"column":16},"end":{"line":1,"column":26}},"type":"default-arg","locations":[{"start":{"line":1,"column":24},"end":{"line":1,"column":26}}],"line":1},"1":{"loc":{"start":{"line":2,"column":2},"end":{"line":4,"column":3}},"type":"if","locations":[{"start":{"line":2,"column":2},"end":{"line":4,"column":3}},{"start":{"line":2,"column":2},"end":{"line":4,"column":3}}],"line":2}},"s":{"0":3,"1":0,"2":3},"f":{"0":3},"b":{"0":[3],"1":[0,3]},"_coverageSchema":"1a1c01bbd47fc00a2c39e90264f33305004495a9","hash":"2965556b607655a6e15bc8e810cbda5c587ef5e1"}
,"/Users/susyqinqinyang/Desktop/Susy Study/hrnyc29/Bootcamp/week 8/tyche/client/store/store.js": {"path":"/Users/susyqinqinyang/Desktop/Susy Study/hrnyc29/Bootcamp/week 8/tyche/client/store/store.js","statementMap":{"0":{"start":{"line":5,"column":25},"end":{"line":5,"column":79}},"1":{"start":{"line":6,"column":14},"end":{"line":9,"column":1}}},"fnMap":{},"branchMap":{"0":{"loc":{"start":{"line":5,"column":25},"end":{"line":5,"column":79}},"type":"binary-expr","locations":[{"start":{"line":5,"column":25},"end":{"line":5,"column":68}},{"start":{"line":5,"column":72},"end":{"line":5,"column":79}}],"line":5}},"s":{"0":1,"1":1},"f":{},"b":{"0":[1,1]},"_coverageSchema":"1a1c01bbd47fc00a2c39e90264f33305004495a9","hash":"7c3cf58cdcbe7c76575232bb3b083076586ce861"}
}
